<?xml version="1.0" encoding="UTF-8"?>
<testsuite name="com.aquinofroilan.tessera.domain.hr.service.LeaveTypeServiceTest" tests="3" skipped="0" failures="0" errors="0" timestamp="2026-09-01T23:45:00.067Z" hostname="runnervmgx7h7" time="0.173">
  <properties/>
  <testcase name="deactivate rejects double-deactivation()" classname="com.aquinofroilan.tessera.domain.hr.service.LeaveTypeServiceTest" time="0.156"/>
  <testcase name="create rejects a duplicate code()" classname="com.aquinofroilan.tessera.domain.hr.service.LeaveTypeServiceTest" time="0.001"/>
  <testcase name="create persists a leave type()" classname="com.aquinofroilan.tessera.domain.hr.service.LeaveTypeServiceTest" time="0.001"/>
  <system-out><![CDATA[2026-09-01 23:45:00.069 [ForkJoinPool-1-worker-2] DEBUG o.s.security.web.FilterChainProxy - Securing DELETE /api/v1/finance/accounts/12a14436-99e0-5e9d-9396-3a670fc505c0
2026-09-01 23:45:00.073 [ForkJoinPool-1-worker-2] DEBUG o.s.security.web.FilterChainProxy - Secured DELETE /api/v1/finance/accounts/12a14436-99e0-5e9d-9396-3a670fc505c0
2026-09-01 23:45:00.073 [ForkJoinPool-1-worker-5] DEBUG o.s.s.a.m.AuthorizationManagerBeforeMethodInterceptor - Authorized method invocation ReflectiveMethodInvocation: public org.springframework.http.ResponseEntity com.aquinofroilan.tessera.domain.finance.controller.JournalEntryController.voidJournalEntry(java.util.UUID,java.util.UUID,com.aquinofroilan.tessera.domain.finance.dto.VoidJournalEntryRequest); target is of class [com.aquinofroilan.tessera.domain.finance.controller.JournalEntryController]
2026-09-01 23:45:00.073 [ForkJoinPool-1-worker-5] INFO  c.a.t.d.f.c.JournalEntryController - → Entering JournalEntryController.voidJournalEntry
2026-09-01 23:45:00.074 [ForkJoinPool-1-worker-5] INFO  c.a.t.d.f.c.JournalEntryController - ← Exiting JournalEntryController.voidJournalEntry (1ms)
2026-09-01 23:45:00.075 [ForkJoinPool-1-worker-2] DEBUG o.s.s.a.m.AuthorizationManagerBeforeMethodInterceptor - Authorizing method invocation ReflectiveMethodInvocation: public org.springframework.http.ResponseEntity com.aquinofroilan.tessera.domain.finance.controller.AccountController.deleteAccount(java.util.UUID,java.util.UUID); target is of class [com.aquinofroilan.tessera.domain.finance.controller.AccountController]
2026-09-01 23:45:00.075 [ForkJoinPool-1-worker-2] DEBUG o.s.s.a.m.AuthorizationManagerBeforeMethodInterceptor - Authorized method invocation ReflectiveMethodInvocation: public org.springframework.http.ResponseEntity com.aquinofroilan.tessera.domain.finance.controller.AccountController.deleteAccount(java.util.UUID,java.util.UUID); target is of class [com.aquinofroilan.tessera.domain.finance.controller.AccountController]
2026-09-01 23:45:00.075 [ForkJoinPool-1-worker-2] INFO  c.a.t.d.f.c.AccountController - → Entering AccountController.deleteAccount
2026-09-01 23:45:00.081 [ForkJoinPool-1-worker-1] DEBUG o.s.s.a.m.AuthorizationManagerBeforeMethodInterceptor - Authorized method invocation ReflectiveMethodInvocation: public java.lang.Object com.aquinofroilan.tessera.graphql.ProjectGraphqlController.activateProject(java.util.UUID); target is of class [com.aquinofroilan.tessera.graphql.ProjectGraphqlController]
2026-09-01 23:45:00.082 [ForkJoinPool-1-worker-3] DEBUG o.s.security.web.FilterChainProxy - Securing GET /api/v1/auth/organizations
2026-09-01 23:45:00.083 [ForkJoinPool-1-worker-3] DEBUG o.s.security.web.FilterChainProxy - Secured GET /api/v1/auth/organizations
2026-09-01 23:45:00.084 [ForkJoinPool-1-worker-3] INFO  c.a.t.d.a.controller.AuthController - → Entering AuthController.listOrganizations
2026-09-01 23:45:00.085 [ForkJoinPool-1-worker-3] INFO  c.a.t.d.a.controller.AuthController - ← Exiting AuthController.listOrganizations (0ms)
2026-09-01 23:45:00.238 [ForkJoinPool-1-worker-5] DEBUG o.s.s.a.m.AuthorizationManagerBeforeMethodInterceptor - Authorizing method invocation ReflectiveMethodInvocation: public org.springframework.http.ResponseEntity com.aquinofroilan.tessera.domain.finance.controller.JournalEntryController.listJournalEntries(java.util.UUID,java.lang.String,java.time.LocalDate,java.time.LocalDate); target is of class [com.aquinofroilan.tessera.domain.finance.controller.JournalEntryController]
]]></system-out>
  <system-err><![CDATA[]]></system-err>
</testsuite>
