<?xml version="1.0" encoding="UTF-8"?>
<testsuite name="com.aquinofroilan.tessera.domain.finance.controller.JournalEntryControllerTest" tests="9" skipped="0" failures="0" errors="0" timestamp="2026-09-01T23:44:55.074Z" hostname="runnervmgx7h7" time="14.932">
  <properties/>
  <testcase name="POST journal-entries should return 403 without journal create permission()" classname="com.aquinofroilan.tessera.domain.finance.controller.JournalEntryControllerTest" time="3.693"/>
  <testcase name="POST journal-entries id void should return 200()" classname="com.aquinofroilan.tessera.domain.finance.controller.JournalEntryControllerTest" time="0.19"/>
  <testcase name="GET journal-entries should return 200 with entry list()" classname="com.aquinofroilan.tessera.domain.finance.controller.JournalEntryControllerTest" time="0.149"/>
  <testcase name="GET journal-entries by id should return 200()" classname="com.aquinofroilan.tessera.domain.finance.controller.JournalEntryControllerTest" time="1.824"/>
  <testcase name="GET journal-entries by id should return 404 when not found()" classname="com.aquinofroilan.tessera.domain.finance.controller.JournalEntryControllerTest" time="0.073"/>
  <testcase name="POST journal-entries should return 400 when unbalanced()" classname="com.aquinofroilan.tessera.domain.finance.controller.JournalEntryControllerTest" time="1.994"/>
  <testcase name="POST journal-entries should return 201 when created()" classname="com.aquinofroilan.tessera.domain.finance.controller.JournalEntryControllerTest" time="0.04"/>
  <testcase name="POST journal-entries id post should return 200()" classname="com.aquinofroilan.tessera.domain.finance.controller.JournalEntryControllerTest" time="0.05"/>
  <testcase name="GET trial-balance should return 200()" classname="com.aquinofroilan.tessera.domain.finance.controller.JournalEntryControllerTest" time="4.722"/>
  <system-out><![CDATA[2026-09-01 23:44:55.076 [ForkJoinPool-1-worker-5] INFO  o.s.t.c.s.AnnotationConfigContextLoaderUtils - Could not detect default configuration classes for test class [com.aquinofroilan.tessera.domain.finance.controller.JournalEntryControllerTest]: JournalEntryControllerTest does not declare any static, non-private, non-final, nested classes annotated with @Configuration.
2026-09-01 23:45:00.011 [ForkJoinPool-1-worker-2] DEBUG o.s.security.web.FilterChainProxy - Securing POST /api/v1/finance/accounts
2026-09-01 23:45:00.011 [ForkJoinPool-1-worker-2] DEBUG o.s.security.web.FilterChainProxy - Secured POST /api/v1/finance/accounts
2026-09-01 23:45:00.025 [ForkJoinPool-1-worker-3] DEBUG o.s.security.web.FilterChainProxy - Securing POST /api/v1/auth/logout
2026-09-01 23:45:00.025 [ForkJoinPool-1-worker-3] DEBUG o.s.s.w.a.AnonymousAuthenticationFilter - Set SecurityContextHolder to anonymous SecurityContext
2026-09-01 23:45:00.025 [ForkJoinPool-1-worker-3] DEBUG o.s.security.web.FilterChainProxy - Secured POST /api/v1/auth/logout
2026-09-01 23:45:00.032 [ForkJoinPool-1-worker-1] DEBUG o.s.s.a.m.AuthorizationManagerBeforeMethodInterceptor - Authorizing method invocation ReflectiveMethodInvocation: public java.lang.Object com.aquinofroilan.tessera.graphql.ProjectGraphqlController.createProject(java.lang.Object); target is of class [com.aquinofroilan.tessera.graphql.ProjectGraphqlController]
2026-09-01 23:45:00.033 [ForkJoinPool-1-worker-1] DEBUG o.s.s.a.m.AuthorizationManagerBeforeMethodInterceptor - Failed to authorize ReflectiveMethodInvocation: public java.lang.Object com.aquinofroilan.tessera.graphql.ProjectGraphqlController.createProject(java.lang.Object); target is of class [com.aquinofroilan.tessera.graphql.ProjectGraphqlController] with authorization manager org.springframework.security.authorization.method.PreAuthorizeAuthorizationManager@5b9ad6f7 and result ExpressionAuthorizationDecision [granted=false, expressionAttribute=hasAuthority('projects:write')]
2026-09-01 23:45:00.036 [ForkJoinPool-1-worker-5] DEBUG o.s.security.web.FilterChainProxy - Securing POST /api/v1/finance/journal/00000000-0000-0000-0000-000000000199/void
2026-09-01 23:45:00.044 [ForkJoinPool-1-worker-5] DEBUG o.s.security.web.FilterChainProxy - Secured POST /api/v1/finance/journal/00000000-0000-0000-0000-000000000199/void
2026-09-01 23:45:00.046 [ForkJoinPool-1-worker-2] DEBUG o.s.s.a.m.AuthorizationManagerBeforeMethodInterceptor - Authorizing method invocation ReflectiveMethodInvocation: public org.springframework.http.ResponseEntity com.aquinofroilan.tessera.domain.finance.controller.AccountController.createAccount(java.util.UUID,com.aquinofroilan.tessera.domain.finance.dto.CreateAccountRequest); target is of class [com.aquinofroilan.tessera.domain.finance.controller.AccountController]
2026-09-01 23:45:00.039 [ForkJoinPool-1-worker-3] INFO  c.a.t.d.a.controller.AuthController - → Entering AuthController.logout
2026-09-01 23:45:00.046 [ForkJoinPool-1-worker-3] INFO  c.a.t.d.a.controller.AuthController - ← Exiting AuthController.logout (0ms)
2026-09-01 23:45:00.046 [ForkJoinPool-1-worker-2] DEBUG o.s.s.a.m.AuthorizationManagerBeforeMethodInterceptor - Authorized method invocation ReflectiveMethodInvocation: public org.springframework.http.ResponseEntity com.aquinofroilan.tessera.domain.finance.controller.AccountController.createAccount(java.util.UUID,com.aquinofroilan.tessera.domain.finance.dto.CreateAccountRequest); target is of class [com.aquinofroilan.tessera.domain.finance.controller.AccountController]
2026-09-01 23:45:00.046 [ForkJoinPool-1-worker-2] INFO  c.a.t.d.f.c.AccountController - → Entering AccountController.createAccount
2026-09-01 23:45:00.047 [ForkJoinPool-1-worker-2] INFO  c.a.t.d.f.c.AccountController - ← Exiting AccountController.createAccount (0ms)
2026-09-01 23:45:00.042 [ForkJoinPool-1-worker-1] ERROR o.s.g.e.ExceptionResolversExceptionHandler - Unresolved AuthorizationDeniedException for executionId e129b011-fb97-8b5d-5394-62c9d0e2626c
org.springframework.security.authorization.AuthorizationDeniedException: Access Denied
	at org.springframework.security.authorization.method.ThrowingMethodAuthorizationDeniedHandler.handleDeniedInvocation(ThrowingMethodAuthorizationDeniedHandler.java:38) ~[spring-security-core-7.0.2.jar:7.0.2]
	at org.springframework.security.authorization.method.PreAuthorizeAuthorizationManager.handleDeniedInvocation(PreAuthorizeAuthorizationManager.java:96) ~[spring-security-core-7.0.2.jar:7.0.2]
	at org.springframework.security.authorization.method.AuthorizationManagerBeforeMethodInterceptor.handle(AuthorizationManagerBeforeMethodInterceptor.java:290) ~[spring-security-core-7.0.2.jar:7.0.2]
	at org.springframework.security.authorization.method.AuthorizationManagerBeforeMethodInterceptor.attemptAuthorization(AuthorizationManagerBeforeMethodInterceptor.java:263) ~[spring-security-core-7.0.2.jar:7.0.2]
	at org.springframework.security.authorization.method.AuthorizationManagerBeforeMethodInterceptor.invoke(AuthorizationManagerBeforeMethodInterceptor.java:197) ~[spring-security-core-7.0.2.jar:7.0.2]
	at org.springframework.security.config.annotation.method.configuration.DeferringMethodInterceptor.invoke(DeferringMethodInterceptor.java:44) ~[spring-security-config-7.0.2.jar:7.0.2]
	at org.springframework.aop.framework.ReflectiveMethodInvocation.proceed(ReflectiveMethodInvocation.java:179) ~[spring-aop-7.0.2.jar:7.0.2]
	at org.springframework.aop.framework.CglibAopProxy$DynamicAdvisedInterceptor.intercept(CglibAopProxy.java:719) ~[spring-aop-7.0.2.jar:7.0.2]
	at com.aquinofroilan.tessera.graphql.ProjectGraphqlController$$SpringCGLIB$$0.createProject(<generated>) ~[main/:na]
	at java.base/jdk.internal.reflect.DirectMethodHandleAccessor.invoke(DirectMethodHandleAccessor.java:104) ~[na:na]
	at java.base/java.lang.reflect.Method.invoke(Method.java:565) ~[na:na]
	at org.springframework.graphql.data.method.InvocableHandlerMethodSupport.doInvoke(InvocableHandlerMethodSupport.java:120) ~[spring-graphql-2.0.1.jar:2.0.1]
	at org.springframework.graphql.data.method.annotation.support.DataFetcherHandlerMethod.validateAndInvoke(DataFetcherHandlerMethod.java:144) ~[spring-graphql-2.0.1.jar:2.0.1]
	at org.springframework.graphql.data.method.annotation.support.DataFetcherHandlerMethod.invoke(DataFetcherHandlerMethod.java:128) ~[spring-graphql-2.0.1.jar:2.0.1]
	at org.springframework.graphql.data.method.annotation.support.DataFetcherHandlerMethod.invoke(DataFetcherHandlerMethod.java:107) ~[spring-graphql-2.0.1.jar:2.0.1]
	at org.springframework.graphql.data.method.annotation.support.AnnotatedControllerConfigurer$SchemaMappingDataFetcher.get(AnnotatedControllerConfigurer.java:522) ~[spring-graphql-2.0.1.jar:2.0.1]
	at org.springframework.graphql.execution.ContextDataFetcherDecorator.lambda$get$0(ContextDataFetcherDecorator.java:92) ~[spring-graphql-2.0.1.jar:2.0.1]
	at io.micrometer.context.ContextSnapshot.lambda$wrap$1(ContextSnapshot.java:106) ~[context-propagation-1.2.0.jar:1.2.0]
	at org.springframework.graphql.execution.ContextDataFetcherDecorator.get(ContextDataFetcherDecorator.java:92) ~[spring-graphql-2.0.1.jar:2.0.1]
	at graphql.execution.ExecutionStrategy.invokeDataFetcher(ExecutionStrategy.java:512) ~[graphql-java-25.0.jar:na]
	at graphql.execution.ExecutionStrategy.fetchField(ExecutionStrategy.java:466) ~[graphql-java-25.0.jar:na]
	at graphql.execution.ExecutionStrategy.fetchField(ExecutionStrategy.java:404) ~[graphql-java-25.0.jar:na]
	at graphql.execution.ExecutionStrategy.resolveFieldWithInfo(ExecutionStrategy.java:360) ~[graphql-java-25.0.jar:na]
	at graphql.execution.AsyncSerialExecutionStrategy.resolveSerialField(AsyncSerialExecutionStrategy.java:73) ~[graphql-java-25.0.jar:na]
	at graphql.execution.AsyncSerialExecutionStrategy.lambda$execute$0(AsyncSerialExecutionStrategy.java:57) ~[graphql-java-25.0.jar:na]
	at graphql.execution.Async.eachSequentiallyPolymorphicImpl(Async.java:332) ~[graphql-java-25.0.jar:na]
	at graphql.execution.Async.eachSequentially(Async.java:320) ~[graphql-java-25.0.jar:na]
	at graphql.execution.AsyncSerialExecutionStrategy.execute(AsyncSerialExecutionStrategy.java:52) ~[graphql-java-25.0.jar:na]
	at graphql.execution.Execution.executeOperation(Execution.java:220) ~[graphql-java-25.0.jar:na]
	at graphql.execution.Execution.execute(Execution.java:139) ~[graphql-java-25.0.jar:na]
	at graphql.GraphQL.execute(GraphQL.java:620) ~[graphql-java-25.0.jar:na]
	at graphql.GraphQL.lambda$parseValidateAndExecute$5(GraphQL.java:549) ~[graphql-java-25.0.jar:na]
	at java.base/java.util.concurrent.CompletableFuture.uniComposeStage(CompletableFuture.java:1208) ~[na:na]
	at java.base/java.util.concurrent.CompletableFuture.thenCompose(CompletableFuture.java:2368) ~[na:na]
	at graphql.EngineRunningState.compose(EngineRunningState.java:91) ~[graphql-java-25.0.jar:na]
	at graphql.GraphQL.parseValidateAndExecute(GraphQL.java:544) ~[graphql-java-25.0.jar:na]
	at graphql.GraphQL.lambda$executeAsync$1(GraphQL.java:504) ~[graphql-java-25.0.jar:na]
	at java.base/java.util.concurrent.CompletableFuture.uniComposeStage(CompletableFuture.java:1208) ~[na:na]
	at java.base/java.util.concurrent.CompletableFuture.thenCompose(CompletableFuture.java:2368) ~[na:na]
	at graphql.EngineRunningState.compose(EngineRunningState.java:91) ~[graphql-java-25.0.jar:na]
	at graphql.GraphQL.lambda$executeAsync$2(GraphQL.java:493) ~[graphql-java-25.0.jar:na]
	at graphql.EngineRunningState.engineRun(EngineRunningState.java:202) ~[graphql-java-25.0.jar:na]
	at graphql.GraphQL.executeAsync(GraphQL.java:485) ~[graphql-java-25.0.jar:na]
	at org.springframework.graphql.execution.DefaultExecutionGraphQlService.lambda$execute$0(DefaultExecutionGraphQlService.java:95) ~[spring-graphql-2.0.1.jar:2.0.1]
	at reactor.core.publisher.MonoDeferContextual.subscribe(MonoDeferContextual.java:48) ~[reactor-core-3.8.1.jar:3.8.1]
	at reactor.core.publisher.Mono.subscribe(Mono.java:4569) ~[reactor-core-3.8.1.jar:3.8.1]
	at reactor.core.publisher.Mono.block(Mono.java:1799) ~[reactor-core-3.8.1.jar:3.8.1]
	at org.springframework.graphql.test.tester.DefaultGraphQlTester$DefaultRequest.execute(DefaultGraphQlTester.java:179) ~[spring-graphql-test-2.0.1.jar:2.0.1]
	at com.aquinofroilan.tessera.graphql.ProjectGraphqlControllerTest.createProject mutation should be denied without write authority(ProjectGraphqlControllerTest.kt:81) ~[test/:na]
	at java.base/jdk.internal.reflect.DirectMethodHandleAccessor.invoke(DirectMethodHandleAccessor.java:104) ~[na:na]
	at java.base/java.lang.reflect.Method.invoke(Method.java:565) ~[na:na]
	at org.junit.platform.commons.util.ReflectionUtils.invokeMethod(ReflectionUtils.java:701) ~[junit-platform-commons-6.0.1.jar:6.0.1]
	at org.junit.platform.commons.support.ReflectionSupport.invokeMethod(ReflectionSupport.java:502) ~[junit-platform-commons-6.0.1.jar:6.0.1]
	at org.junit.jupiter.engine.support.MethodReflectionUtils.invoke(MethodReflectionUtils.java:45) ~[junit-jupiter-engine-6.0.1.jar:6.0.1]
	at org.junit.jupiter.engine.execution.MethodInvocation.proceed(MethodInvocation.java:61) ~[junit-jupiter-engine-6.0.1.jar:6.0.1]
	at org.junit.jupiter.engine.execution.InvocationInterceptorChain$ValidatingInvocation.proceed(InvocationInterceptorChain.java:124) ~[junit-jupiter-engine-6.0.1.jar:6.0.1]
	at org.junit.jupiter.engine.extension.TimeoutExtension.intercept(TimeoutExtension.java:163) ~[junit-jupiter-engine-6.0.1.jar:6.0.1]
	at org.junit.jupiter.engine.extension.TimeoutExtension.interceptTestableMethod(TimeoutExtension.java:148) ~[junit-jupiter-engine-6.0.1.jar:6.0.1]
	at org.junit.jupiter.engine.extension.TimeoutExtension.interceptTestMethod(TimeoutExtension.java:86) ~[junit-jupiter-engine-6.0.1.jar:6.0.1]
	at org.junit.jupiter.engine.execution.InterceptingExecutableInvoker$ReflectiveInterceptorCall.lambda$ofVoidMethod$0(InterceptingExecutableInvoker.java:123) ~[junit-jupiter-engine-6.0.1.jar:6.0.1]
	at org.junit.jupiter.engine.execution.InterceptingExecutableInvoker.lambda$invoke$0(InterceptingExecutableInvoker.java:105) ~[junit-jupiter-engine-6.0.1.jar:6.0.1]
	at org.junit.jupiter.engine.execution.InvocationInterceptorChain$InterceptedInvocation.proceed(InvocationInterceptorChain.java:99) ~[junit-jupiter-engine-6.0.1.jar:6.0.1]
	at org.junit.jupiter.engine.execution.InvocationInterceptorChain.proceed(InvocationInterceptorChain.java:66) ~[junit-jupiter-engine-6.0.1.jar:6.0.1]
	at org.junit.jupiter.engine.execution.InvocationInterceptorChain.chainAndInvoke(InvocationInterceptorChain.java:47) ~[junit-jupiter-engine-6.0.1.jar:6.0.1]
	at org.junit.jupiter.engine.execution.InvocationInterceptorChain.invoke(InvocationInterceptorChain.java:39) ~[junit-jupiter-engine-6.0.1.jar:6.0.1]
	at org.junit.jupiter.engine.execution.InterceptingExecutableInvoker.invoke(InterceptingExecutableInvoker.java:104) ~[junit-jupiter-engine-6.0.1.jar:6.0.1]
	at org.junit.jupiter.engine.execution.InterceptingExecutableInvoker.invoke(InterceptingExecutableInvoker.java:98) ~[junit-jupiter-engine-6.0.1.jar:6.0.1]
	at org.junit.jupiter.engine.execution.InterceptingExecutableInvoker.invokeVoid(InterceptingExecutableInvoker.java:71) ~[junit-jupiter-engine-6.0.1.jar:6.0.1]
	at org.junit.jupiter.engine.descriptor.TestMethodTestDescriptor.lambda$invokeTestMethod$0(TestMethodTestDescriptor.java:219) ~[junit-jupiter-engine-6.0.1.jar:6.0.1]
	at org.junit.platform.engine.support.hierarchical.ThrowableCollector.execute(ThrowableCollector.java:74) ~[junit-platform-engine-6.0.1.jar:6.0.1]
	at org.junit.jupiter.engine.descriptor.TestMethodTestDescriptor.invokeTestMethod(TestMethodTestDescriptor.java:215) ~[junit-jupiter-engine-6.0.1.jar:6.0.1]
	at org.junit.jupiter.engine.descriptor.TestMethodTestDescriptor.execute(TestMethodTestDescriptor.java:157) ~[junit-jupiter-engine-6.0.1.jar:6.0.1]
	at org.junit.jupiter.engine.descriptor.TestMethodTestDescriptor.execute(TestMethodTestDescriptor.java:70) ~[junit-jupiter-engine-6.0.1.jar:6.0.1]
	at org.junit.platform.engine.support.hierarchical.NodeTestTask.lambda$executeRecursively$2(NodeTestTask.java:176) ~[junit-platform-engine-6.0.1.jar:6.0.1]
	at org.junit.platform.engine.support.hierarchical.ThrowableCollector.execute(ThrowableCollector.java:74) ~[junit-platform-engine-6.0.1.jar:6.0.1]
	at org.junit.platform.engine.support.hierarchical.NodeTestTask.lambda$executeRecursively$1(NodeTestTask.java:166) ~[junit-platform-engine-6.0.1.jar:6.0.1]
	at org.junit.platform.engine.support.hierarchical.Node.around(Node.java:138) ~[junit-platform-engine-6.0.1.jar:6.0.1]
	at org.junit.platform.engine.support.hierarchical.NodeTestTask.lambda$executeRecursively$0(NodeTestTask.java:164) ~[junit-platform-engine-6.0.1.jar:6.0.1]
	at org.junit.platform.engine.support.hierarchical.ThrowableCollector.execute(ThrowableCollector.java:74) ~[junit-platform-engine-6.0.1.jar:6.0.1]
	at org.junit.platform.engine.support.hierarchical.NodeTestTask.executeRecursively(NodeTestTask.java:163) ~[junit-platform-engine-6.0.1.jar:6.0.1]
	at org.junit.platform.engine.support.hierarchical.NodeTestTask.execute(NodeTestTask.java:116) ~[junit-platform-engine-6.0.1.jar:6.0.1]
	at org.junit.platform.engine.support.hierarchical.ForkJoinPoolHierarchicalTestExecutorService$ExclusiveTask.exec(ForkJoinPoolHierarchicalTestExecutorService.java:253) ~[junit-platform-engine-6.0.1.jar:6.0.1]
	at org.junit.platform.engine.support.hierarchical.ForkJoinPoolHierarchicalTestExecutorService$ExclusiveTask.execSync(ForkJoinPoolHierarchicalTestExecutorService.java:226) ~[junit-platform-engine-6.0.1.jar:6.0.1]
	at org.junit.platform.engine.support.hierarchical.ForkJoinPoolHierarchicalTestExecutorService.executeSync(ForkJoinPoolHierarchicalTestExecutorService.java:168) ~[junit-platform-engine-6.0.1.jar:6.0.1]
	at org.junit.platform.engine.support.hierarchical.ForkJoinPoolHierarchicalTestExecutorService.invokeAll(ForkJoinPoolHierarchicalTestExecutorService.java:140) ~[junit-platform-engine-6.0.1.jar:6.0.1]
	at org.junit.platform.engine.support.hierarchical.NodeTestTask.lambda$executeRecursively$2(NodeTestTask.java:180) ~[junit-platform-engine-6.0.1.jar:6.0.1]
	at org.junit.platform.engine.support.hierarchical.ThrowableCollector.execute(ThrowableCollector.java:74) ~[junit-platform-engine-6.0.1.jar:6.0.1]
	at org.junit.platform.engine.support.hierarchical.NodeTestTask.lambda$executeRecursively$1(NodeTestTask.java:166) ~[junit-platform-engine-6.0.1.jar:6.0.1]
	at org.junit.platform.engine.support.hierarchical.Node.around(Node.java:138) ~[junit-platform-engine-6.0.1.jar:6.0.1]
	at org.junit.platform.engine.support.hierarchical.NodeTestTask.lambda$executeRecursively$0(NodeTestTask.java:164) ~[junit-platform-engine-6.0.1.jar:6.0.1]
	at org.junit.platform.engine.support.hierarchical.ThrowableCollector.execute(ThrowableCollector.java:74) ~[junit-platform-engine-6.0.1.jar:6.0.1]
	at org.junit.platform.engine.support.hierarchical.NodeTestTask.executeRecursively(NodeTestTask.java:163) ~[junit-platform-engine-6.0.1.jar:6.0.1]
	at org.junit.platform.engine.support.hierarchical.NodeTestTask.execute(NodeTestTask.java:116) ~[junit-platform-engine-6.0.1.jar:6.0.1]
	at org.junit.platform.engine.support.hierarchical.ForkJoinPoolHierarchicalTestExecutorService$ExclusiveTask.exec(ForkJoinPoolHierarchicalTestExecutorService.java:253) ~[junit-platform-engine-6.0.1.jar:6.0.1]
	at java.base/java.util.concurrent.ForkJoinTask.doExec(ForkJoinTask.java:511) ~[na:na]
	at java.base/java.util.concurrent.ForkJoinPool$WorkQueue.tryRemoveAndExec(ForkJoinPool.java:1490) ~[na:na]
	at java.base/java.util.concurrent.ForkJoinPool.helpJoin(ForkJoinPool.java:2248) ~[na:na]
	at java.base/java.util.concurrent.ForkJoinTask.awaitDone(ForkJoinTask.java:499) ~[na:na]
	at java.base/java.util.concurrent.ForkJoinTask.join(ForkJoinTask.java:669) ~[na:na]
	at org.junit.platform.engine.support.hierarchical.ForkJoinPoolHierarchicalTestExecutorService.joinConcurrentTasksInReverseOrderToEnableWorkStealing(ForkJoinPoolHierarchicalTestExecutorService.java:175) ~[junit-platform-engine-6.0.1.jar:6.0.1]
	at org.junit.platform.engine.support.hierarchical.ForkJoinPoolHierarchicalTestExecutorService.invokeAll(ForkJoinPoolHierarchicalTestExecutorService.java:141) ~[junit-platform-engine-6.0.1.jar:6.0.1]
	at org.junit.platform.engine.support.hierarchical.NodeTestTask.lambda$executeRecursively$2(NodeTestTask.java:180) ~[junit-platform-engine-6.0.1.jar:6.0.1]
	at org.junit.platform.engine.support.hierarchical.ThrowableCollector.execute(ThrowableCollector.java:74) ~[junit-platform-engine-6.0.1.jar:6.0.1]
	at org.junit.platform.engine.support.hierarchical.NodeTestTask.lambda$executeRecursively$1(NodeTestTask.java:166) ~[junit-platform-engine-6.0.1.jar:6.0.1]
	at org.junit.platform.engine.support.hierarchical.Node.around(Node.java:138) ~[junit-platform-engine-6.0.1.jar:6.0.1]
	at org.junit.platform.engine.support.hierarchical.NodeTestTask.lambda$executeRecursively$0(NodeTestTask.java:164) ~[junit-platform-engine-6.0.1.jar:6.0.1]
	at org.junit.platform.engine.support.hierarchical.ThrowableCollector.execute(ThrowableCollector.java:74) ~[junit-platform-engine-6.0.1.jar:6.0.1]
	at org.junit.platform.engine.support.hierarchical.NodeTestTask.executeRecursively(NodeTestTask.java:163) ~[junit-platform-engine-6.0.1.jar:6.0.1]
	at org.junit.platform.engine.support.hierarchical.NodeTestTask.execute(NodeTestTask.java:116) ~[junit-platform-engine-6.0.1.jar:6.0.1]
	at org.junit.platform.engine.support.hierarchical.ForkJoinPoolHierarchicalTestExecutorService$ExclusiveTask.exec(ForkJoinPoolHierarchicalTestExecutorService.java:253) ~[junit-platform-engine-6.0.1.jar:6.0.1]
	at java.base/java.util.concurrent.ForkJoinTask.doExec(ForkJoinTask.java:511) ~[na:na]
	at java.base/java.util.concurrent.ForkJoinPool$WorkQueue.topLevelExec(ForkJoinPool.java:1450) ~[na:na]
	at java.base/java.util.concurrent.ForkJoinPool.runWorker(ForkJoinPool.java:2019) ~[na:na]
	at java.base/java.util.concurrent.ForkJoinWorkerThread.run(ForkJoinWorkerThread.java:187) ~[na:na]
2026-09-01 23:45:00.221 [ForkJoinPool-1-worker-1] DEBUG o.s.s.a.m.AuthorizationManagerBeforeMethodInterceptor - Authorizing method invocation ReflectiveMethodInvocation: public java.lang.Object com.aquinofroilan.tessera.graphql.ProjectGraphqlController.projects(java.lang.String,java.util.UUID); target is of class [com.aquinofroilan.tessera.graphql.ProjectGraphqlController]
2026-09-01 23:45:00.370 [ForkJoinPool-1-worker-2] DEBUG o.s.s.a.m.AuthorizationManagerBeforeMethodInterceptor - Authorized method invocation ReflectiveMethodInvocation: public org.springframework.http.ResponseEntity com.aquinofroilan.tessera.domain.finance.controller.AccountController.getAccount(java.util.UUID,java.util.UUID); target is of class [com.aquinofroilan.tessera.domain.finance.controller.AccountController]

  .   ____          _            __ _ _
 /\\ / ___'_ __ _ _(_)_ __  __ _ \ \ \ \
( ( )\___ | '_ | '_| | '_ \/ _` | \ \ \ \
 \\/  ___)| |_)| | | | | || (_| |  ) ) ) )
  '  |____| .__|_| |_|_| |_\__, | / / / /
 =========|_|==============|___/=/_/_/_/

 :: Spring Boot ::                (v4.0.1)

2026-09-01 23:45:05.144 [ForkJoinPool-1-worker-3] DEBUG o.s.security.web.FilterChainProxy - Securing POST /api/v1/auth/organizations/switch
2026-09-01 23:45:05.162 [ForkJoinPool-1-worker-4] DEBUG o.s.security.web.FilterChainProxy - Secured GET /api/v1/inventory/reorder-rules
2026-09-01 23:45:05.162 [ForkJoinPool-1-worker-3] INFO  c.a.t.d.a.controller.AuthController - → Entering AuthController.switchOrganization
2026-09-01 23:45:05.162 [ForkJoinPool-1-worker-3] INFO  c.a.t.d.a.controller.AuthController - ← Exiting AuthController.switchOrganization (0ms)
2026-09-01 23:45:05.166 [ForkJoinPool-1-worker-4] DEBUG o.s.s.a.m.AuthorizationManagerBeforeMethodInterceptor - Authorizing method invocation ReflectiveMethodInvocation: public org.springframework.http.ResponseEntity com.aquinofroilan.tessera.domain.inventory.controller.InventoryReorderRuleController.listRules(java.util.UUID); target is of class [com.aquinofroilan.tessera.domain.inventory.controller.InventoryReorderRuleController]
2026-09-01 23:45:05.166 [ForkJoinPool-1-worker-4] DEBUG o.s.s.a.m.AuthorizationManagerBeforeMethodInterceptor - Authorized method invocation ReflectiveMethodInvocation: public org.springframework.http.ResponseEntity com.aquinofroilan.tessera.domain.inventory.controller.InventoryReorderRuleController.listRules(java.util.UUID); target is of class [com.aquinofroilan.tessera.domain.inventory.controller.InventoryReorderRuleController]
2026-09-01 23:45:05.166 [ForkJoinPool-1-worker-4] INFO  c.a.t.d.i.c.InventoryReorderRuleController - → Entering InventoryReorderRuleController.listRules
2026-09-01 23:45:05.167 [ForkJoinPool-1-worker-4] INFO  c.a.t.d.i.c.InventoryReorderRuleController - ← Exiting InventoryReorderRuleController.listRules (1ms)
2026-09-01 23:45:05.170 [ForkJoinPool-1-worker-2] DEBUG o.s.security.web.FilterChainProxy - Securing POST /api/v1/finance/accounts
2026-09-01 23:45:05.170 [ForkJoinPool-1-worker-2] DEBUG o.s.security.web.FilterChainProxy - Secured POST /api/v1/finance/accounts
2026-09-01 23:45:05.171 [ForkJoinPool-1-worker-1] DEBUG o.s.s.a.m.AuthorizationManagerBeforeMethodInterceptor - Authorizing method invocation ReflectiveMethodInvocation: public java.lang.Object com.aquinofroilan.tessera.graphql.InventoryGraphqlController.lowStockReport(); target is of class [com.aquinofroilan.tessera.graphql.InventoryGraphqlController]
2026-09-01 23:45:05.171 [ForkJoinPool-1-worker-2] DEBUG o.s.s.a.m.AuthorizationManagerBeforeMethodInterceptor - Authorizing method invocation ReflectiveMethodInvocation: public org.springframework.http.ResponseEntity com.aquinofroilan.tessera.domain.finance.controller.AccountController.createAccount(java.util.UUID,com.aquinofroilan.tessera.domain.finance.dto.CreateAccountRequest); target is of class [com.aquinofroilan.tessera.domain.finance.controller.AccountController]
2026-09-01 23:45:05.172 [ForkJoinPool-1-worker-1] DEBUG o.s.s.a.m.AuthorizationManagerBeforeMethodInterceptor - Authorized method invocation ReflectiveMethodInvocation: public java.lang.Object com.aquinofroilan.tessera.graphql.InventoryGraphqlController.lowStockReport(); target is of class [com.aquinofroilan.tessera.graphql.InventoryGraphqlController]
2026-09-01 23:45:05.172 [ForkJoinPool-1-worker-2] DEBUG o.s.s.a.m.AuthorizationManagerBeforeMethodInterceptor - Failed to authorize ReflectiveMethodInvocation: public org.springframework.http.ResponseEntity com.aquinofroilan.tessera.domain.finance.controller.AccountController.createAccount(java.util.UUID,com.aquinofroilan.tessera.domain.finance.dto.CreateAccountRequest); target is of class [com.aquinofroilan.tessera.domain.finance.controller.AccountController] with authorization manager org.springframework.security.authorization.method.PreAuthorizeAuthorizationManager@6bd2d1b3 and result ExpressionAuthorizationDecision [granted=false, expressionAttribute=hasAuthority('account:create')]
2026-09-01 23:45:05.196 [ForkJoinPool-1-worker-4] DEBUG o.s.s.a.m.AuthorizationManagerBeforeMethodInterceptor - Authorized method invocation ReflectiveMethodInvocation: public org.springframework.http.ResponseEntity com.aquinofroilan.tessera.domain.inventory.controller.InventoryReorderRuleController.deleteRule(java.util.UUID,java.util.UUID); target is of class [com.aquinofroilan.tessera.domain.inventory.controller.InventoryReorderRuleController]
2026-09-01 23:45:05.202 [ForkJoinPool-1-worker-4] INFO  c.a.t.d.i.c.InventoryReorderRuleController - → Entering InventoryReorderRuleController.deleteRule
2026-09-01 23:45:05.202 [ForkJoinPool-1-worker-3] ERROR c.a.t.d.a.controller.AuthController - ✗ Exception in AuthController.switchOrganization: BusinessRuleException - You do not have access to this organization
2026-09-01 23:45:05.202 [ForkJoinPool-1-worker-4] INFO  c.a.t.d.i.c.InventoryReorderRuleController - ← Exiting InventoryReorderRuleController.deleteRule (0ms)
2026-09-01 23:45:05.290 [ForkJoinPool-1-worker-1] INFO  o.s.b.t.c.SpringBootTestContextBootstrapper - Found @SpringBootConfiguration com.aquinofroilan.tessera.TesseraApplication for test class com.aquinofroilan.tessera.graphql.CustomerGraphqlControllerTest
2026-09-01 23:45:05.297 [ForkJoinPool-1-worker-3] WARN  o.s.w.s.m.s.DefaultHandlerExceptionResolver - Resolved [org.springframework.web.bind.MethodArgumentNotValidException: Validation failed for argument [0] in public org.springframework.http.ResponseEntity<java.lang.Object> com.aquinofroilan.tessera.domain.auth.controller.AuthController.register(com.aquinofroilan.tessera.domain.auth.dto.RegisterRequest): [Field error in object 'registerRequest' on field 'password': rejected value [short]; codes [Size.registerRequest.password,Size.password,Size.java.lang.String,Size]; arguments [org.springframework.context.support.DefaultMessageSourceResolvable: codes [registerRequest.password,password]; arguments []; default message [password],2147483647,8]; default message [Password must be at least 8 characters]] ]

  .   ____          _            __ _ _
 /\\ / ___'_ __ _ _(_)_ __  __ _ \ \ \ \
( ( )\___ | '_ | '_| | '_ \/ _` | \ \ \ \
 \\/  ___)| |_)| | | | | || (_| |  ) ) ) )
  '  |____| .__|_| |_|_| |_\__, | / / / /
 =========|_|==============|___/=/_/_/_/

 :: Spring Boot ::                (v4.0.1)

23:45:05.339 [ForkJoinPool-1-worker-2] INFO  c.a.t.config.EnvironmentInitializer - No .env file found in project root: /home/runner/work/tessera-kt/tessera-kt/.env
23:45:05.340 [ForkJoinPool-1-worker-2] INFO  c.a.t.d.i.c.WarehouseControllerTest - Starting WarehouseControllerTest using Java 26.0.2.1 with PID 3789 (started by runner in /home/runner/work/tessera-kt/tessera-kt)
23:45:05.340 [ForkJoinPool-1-worker-2] DEBUG c.a.t.d.i.c.WarehouseControllerTest - Running with Spring Boot v4.0.1, Spring v7.0.2
23:45:05.340 [ForkJoinPool-1-worker-2] INFO  c.a.t.d.i.c.WarehouseControllerTest - The following 1 profile is active: "test"
23:45:06.506 [ForkJoinPool-1-worker-2] DEBUG c.a.t.c.TokenAuthenticationFilter - Filter 'tokenAuthenticationFilter' configured for use
23:45:06.506 [ForkJoinPool-1-worker-2] INFO  o.s.b.t.m.w.SpringBootMockServletContext - Initializing Spring TestDispatcherServlet ''
23:45:06.506 [ForkJoinPool-1-worker-2] INFO  o.s.t.w.s.TestDispatcherServlet - Initializing Servlet ''
23:45:06.510 [ForkJoinPool-1-worker-2] INFO  o.s.t.w.s.TestDispatcherServlet - Completed initialization in 4 ms
23:45:06.530 [ForkJoinPool-1-worker-2] INFO  c.a.t.d.i.c.WarehouseControllerTest - Started WarehouseControllerTest in 1.234 seconds (process running for 81.087)

  .   ____          _            __ _ _
 /\\ / ___'_ __ _ _(_)_ __  __ _ \ \ \ \
( ( )\___ | '_ | '_| | '_ \/ _` | \ \ \ \
 \\/  ___)| |_)| | | | | || (_| |  ) ) ) )
  '  |____| .__|_| |_|_| |_\__, | / / / /
 =========|_|==============|___/=/_/_/_/

 :: Spring Boot ::                (v4.0.1)

23:45:06.562 [ForkJoinPool-1-worker-4] INFO  c.a.t.config.EnvironmentInitializer - No .env file found in project root: /home/runner/work/tessera-kt/tessera-kt/.env
23:45:06.563 [ForkJoinPool-1-worker-4] INFO  c.a.t.d.i.c.ProductControllerTest - Starting ProductControllerTest using Java 26.0.2.1 with PID 3789 (started by runner in /home/runner/work/tessera-kt/tessera-kt)
23:45:06.563 [ForkJoinPool-1-worker-4] DEBUG c.a.t.d.i.c.ProductControllerTest - Running with Spring Boot v4.0.1, Spring v7.0.2
23:45:06.563 [ForkJoinPool-1-worker-4] INFO  c.a.t.d.i.c.ProductControllerTest - The following 1 profile is active: "test"
23:45:08.544 [ForkJoinPool-1-worker-4] DEBUG c.a.t.c.TokenAuthenticationFilter - Filter 'tokenAuthenticationFilter' configured for use
23:45:08.546 [ForkJoinPool-1-worker-4] INFO  o.s.b.t.m.w.SpringBootMockServletContext - Initializing Spring TestDispatcherServlet ''
23:45:08.546 [ForkJoinPool-1-worker-4] INFO  o.s.t.w.s.TestDispatcherServlet - Initializing Servlet ''
23:45:08.547 [ForkJoinPool-1-worker-4] INFO  o.s.t.w.s.TestDispatcherServlet - Completed initialization in 1 ms
23:45:08.570 [ForkJoinPool-1-worker-4] INFO  c.a.t.d.i.c.ProductControllerTest - Started ProductControllerTest in 2.033 seconds (process running for 83.128)

  .   ____          _            __ _ _
 /\\ / ___'_ __ _ _(_)_ __  __ _ \ \ \ \
( ( )\___ | '_ | '_| | '_ \/ _` | \ \ \ \
 \\/  ___)| |_)| | | | | || (_| |  ) ) ) )
  '  |____| .__|_| |_|_| |_\__, | / / / /
 =========|_|==============|___/=/_/_/_/

 :: Spring Boot ::                (v4.0.1)

23:45:08.604 [ForkJoinPool-1-worker-1] INFO  c.a.t.config.EnvironmentInitializer - No .env file found in project root: /home/runner/work/tessera-kt/tessera-kt/.env
23:45:08.605 [ForkJoinPool-1-worker-1] INFO  c.a.t.g.CustomerGraphqlControllerTest - Starting CustomerGraphqlControllerTest using Java 26.0.2.1 with PID 3789 (started by runner in /home/runner/work/tessera-kt/tessera-kt)
23:45:08.605 [ForkJoinPool-1-worker-1] INFO  c.a.t.g.CustomerGraphqlControllerTest - No active profile set, falling back to 1 default profile: "default"
23:45:09.610 [ForkJoinPool-1-worker-1] DEBUG o.s.s.c.a.a.c.AuthenticationConfiguration$DefaultPasswordEncoderAuthenticationManagerBuilder - No authenticationProviders and no parentAuthenticationManager defined. Returning null.
23:45:09.636 [ForkJoinPool-1-worker-1] DEBUG o.s.s.web.DefaultSecurityFilterChain - Will secure any request with filters: DisableEncodeUrlFilter, WebAsyncManagerIntegrationFilter, SecurityContextHolderFilter, HeaderWriterFilter, LogoutFilter, RequestCacheAwareFilter, SecurityContextHolderAwareRequestFilter, AnonymousAuthenticationFilter, SessionManagementFilter, ExceptionTranslationFilter, AuthorizationFilter
23:45:09.727 [ForkJoinPool-1-worker-1] INFO  o.s.g.e.DefaultSchemaResourceGraphQlSourceBuilder - Loaded 16 resource(s) in the GraphQL schema.
23:45:09.793 [ForkJoinPool-1-worker-1] INFO  o.s.b.g.a.GraphQlAutoConfiguration - GraphQL schema inspection:
	Unmapped fields: {Query=[_emptyQuery, attendance, attendanceRecord, currencies, exchangeRates, payrollRuns, payrollRun, departments, department, departmentOrgChart, employees, employee, positions, position, leaveTypes, leaveType, leaveRequests, leaveRequest, leaveBalance, employeeCompensations, currentEmployeeCompensation, products, product, warehouses, warehouse, stockMovements, stockOnHand, reorderRules, reorderRule, inventoryValuation, inventoryStockOnHand, inventoryMovementHistory, lowStockReport, me, myLeaveRequests, myLeaveBalance, myCompensation, myCurrentCompensation, purchaseOrders, purchaseOrder, salesOrders, salesOrder, projectBudgets, projectBudgetVsActual, projectTasks, projectTaskTree, projectTask, projects, project, purchaseRequests, purchaseRequest, quotations, quotation, health, simpleHealth, detailedHealth, environmentInfo, environmentVariables, organizations, sessions, invitations, apiKeys, accounts, account, accountBalance, fiscalYears, fiscalYear, journalEntries, journalEntry, journalTrialBalance, reportTrialBalance, reportIncomeStatement, reportBalanceSheet, taxRates, taxRate, taxGroups, taxGroup, taxSummary, vendors, vendor, bills, bill, billPayments, billAging, invoices, invoice, invoiceReceipts, invoiceAging, timeEntries, timeEntry], Mutation=[_emptyMutation, clockIn, clockOut, recordAttendance, createExchangeRate, deleteExchangeRate, createPayrollRun, approvePayrollRun, payPayrollRun, cancelPayrollRun, createDepartment, updateDepartment, setDepartmentParent, deactivateDepartment, createEmployee, updateEmployee, assignEmployeeDepartment, placeEmployeeOnLeave, returnEmployeeFromLeave, terminateEmployee, createPosition, updatePosition, deactivatePosition, createLeaveType, updateLeaveType, deactivateLeaveType, createLeaveRequest, approveLeaveRequest, rejectLeaveRequest, cancelLeaveRequest, addEmployeeCompensation, createProduct, updateProduct, deleteProduct, createWarehouse, updateWarehouse, deleteWarehouse, createStockMovement, createReorderRule, updateReorderRule, deleteReorderRule, submitMyLeave, createPurchaseOrder, approvePurchaseOrder, receivePurchaseOrder, matchPurchaseOrderBill, generatePurchaseOrderBill, closePurchaseOrder, cancelPurchaseOrder, createSalesOrder, approveSalesOrder, fulfillSalesOrder, generateSalesOrderInvoice, closeSalesOrder, cancelSalesOrder, generateProjectInvoice, setProjectBudget, createProjectTask, updateProjectTask, setProjectTaskParent, createProject, updateProject, activateProject, holdProject, closeProject, cancelProject, createPurchaseRequest, submitPurchaseRequest, approvePurchaseRequest, rejectPurchaseRequest, cancelPurchaseRequest, convertPurchaseRequest, createQuotation, sendQuotation, acceptQuotation, rejectQuotation, cancelQuotation, convertQuotation, signup, signin, refresh, changePassword, forgotPassword, resetPassword, switchOrganization, logout, revokeSession, revokeOtherSessions, createInvitation, validateInvitation, acceptInvitation, revokeInvitation, createApiKey, revokeApiKey, createAccount, updateAccount, deleteAccount, createFiscalYear, closePeriod, reopenPeriod, closeYear, createJournalEntry, postJournalEntry, voidJournalEntry, createTaxRate, updateTaxRate, deleteTaxRate, createTaxGroup, updateTaxGroup, deleteTaxGroup, createVendor, updateVendor, deleteVendor, createBill, approveBill, voidBill, recordBillPayment, createInvoice, approveInvoice, voidInvoice, recordInvoiceReceipt, createTimeEntry, updateTimeEntry, submitTimeEntry, approveTimeEntry, rejectTimeEntry]}
	Unmapped registrations: {}
	Unmapped arguments: {}
	Field nullness errors: {}
	Argument nullness errors: {}
	Skipped types: []
23:45:09.914 [ForkJoinPool-1-worker-1] INFO  c.a.t.g.CustomerGraphqlControllerTest - Started CustomerGraphqlControllerTest in 1.335 seconds (process running for 84.471)
]]></system-out>
  <system-err><![CDATA[]]></system-err>
</testsuite>
