<?xml version="1.0" encoding="UTF-8"?>
<testsuite name="com.aquinofroilan.tessera.domain.sales.controller.DiscountRuleControllerTest" tests="5" skipped="0" failures="0" errors="0" timestamp="2026-09-01T23:45:02.300Z" hostname="runnervmgx7h7" time="10.25">
  <properties/>
  <testcase name="PUT discount rule should return 200()" classname="com.aquinofroilan.tessera.domain.sales.controller.DiscountRuleControllerTest" time="0.176"/>
  <testcase name="POST discount rule should return 201()" classname="com.aquinofroilan.tessera.domain.sales.controller.DiscountRuleControllerTest" time="1.61"/>
  <testcase name="GET single discount rule should return 200()" classname="com.aquinofroilan.tessera.domain.sales.controller.DiscountRuleControllerTest" time="0.039"/>
  <testcase name="DELETE discount rule should return 204()" classname="com.aquinofroilan.tessera.domain.sales.controller.DiscountRuleControllerTest" time="0.026"/>
  <testcase name="GET discount rules should return 200 with list()" classname="com.aquinofroilan.tessera.domain.sales.controller.DiscountRuleControllerTest" time="2.557"/>
  <system-out><![CDATA[2026-09-01 23:45:02.306 [ForkJoinPool-1-worker-2] INFO  o.s.t.c.s.AnnotationConfigContextLoaderUtils - Could not detect default configuration classes for test class [com.aquinofroilan.tessera.domain.sales.controller.DiscountRuleControllerTest]: DiscountRuleControllerTest does not declare any static, non-private, non-final, nested classes annotated with @Configuration.
2026-09-01 23:45:02.979 [ForkJoinPool-1-worker-2] INFO  o.s.b.t.c.SpringBootTestContextBootstrapper - Found @SpringBootConfiguration com.aquinofroilan.tessera.TesseraApplication for test class com.aquinofroilan.tessera.domain.sales.controller.DiscountRuleControllerTest
2026-09-01 23:45:03.459 [ForkJoinPool-1-worker-1] DEBUG o.s.s.c.a.a.c.AuthenticationConfiguration$DefaultPasswordEncoderAuthenticationManagerBuilder - No authenticationProviders and no parentAuthenticationManager defined. Returning null.
2026-09-01 23:45:03.475 [ForkJoinPool-1-worker-1] DEBUG o.s.s.web.DefaultSecurityFilterChain - Will secure any request with filters: DisableEncodeUrlFilter, WebAsyncManagerIntegrationFilter, SecurityContextHolderFilter, HeaderWriterFilter, LogoutFilter, RequestCacheAwareFilter, SecurityContextHolderAwareRequestFilter, AnonymousAuthenticationFilter, SessionManagementFilter, ExceptionTranslationFilter, AuthorizationFilter
2026-09-01 23:45:03.516 [ForkJoinPool-1-worker-1] INFO  o.s.g.e.DefaultSchemaResourceGraphQlSourceBuilder - Loaded 16 resource(s) in the GraphQL schema.
2026-09-01 23:45:03.565 [ForkJoinPool-1-worker-1] INFO  o.s.b.g.a.GraphQlAutoConfiguration - GraphQL schema inspection:
	Unmapped fields: {Query=[_emptyQuery, attendance, attendanceRecord, customers, customer, currencies, exchangeRates, products, product, warehouses, warehouse, stockMovements, stockOnHand, reorderRules, reorderRule, inventoryValuation, inventoryStockOnHand, inventoryMovementHistory, lowStockReport, me, myLeaveRequests, myLeaveBalance, myCompensation, myCurrentCompensation, purchaseOrders, purchaseOrder, salesOrders, salesOrder, projectBudgets, projectBudgetVsActual, projectTasks, projectTaskTree, projectTask, projects, project, purchaseRequests, purchaseRequest, quotations, quotation, health, simpleHealth, detailedHealth, environmentInfo, environmentVariables, organizations, sessions, invitations, apiKeys, accounts, account, accountBalance, fiscalYears, fiscalYear, journalEntries, journalEntry, journalTrialBalance, reportTrialBalance, reportIncomeStatement, reportBalanceSheet, taxRates, taxRate, taxGroups, taxGroup, taxSummary, vendors, vendor, bills, bill, billPayments, billAging, invoices, invoice, invoiceReceipts, invoiceAging, timeEntries, timeEntry], Mutation=[_emptyMutation, clockIn, clockOut, recordAttendance, createCustomer, updateCustomer, deleteCustomer, createExchangeRate, deleteExchangeRate, createProduct, updateProduct, deleteProduct, createWarehouse, updateWarehouse, deleteWarehouse, createStockMovement, createReorderRule, updateReorderRule, deleteReorderRule, submitMyLeave, createPurchaseOrder, approvePurchaseOrder, receivePurchaseOrder, matchPurchaseOrderBill, generatePurchaseOrderBill, closePurchaseOrder, cancelPurchaseOrder, createSalesOrder, approveSalesOrder, fulfillSalesOrder, generateSalesOrderInvoice, closeSalesOrder, cancelSalesOrder, generateProjectInvoice, setProjectBudget, createProjectTask, updateProjectTask, setProjectTaskParent, createProject, updateProject, activateProject, holdProject, closeProject, cancelProject, createPurchaseRequest, submitPurchaseRequest, approvePurchaseRequest, rejectPurchaseRequest, cancelPurchaseRequest, convertPurchaseRequest, createQuotation, sendQuotation, acceptQuotation, rejectQuotation, cancelQuotation, convertQuotation, signup, signin, refresh, changePassword, forgotPassword, resetPassword, switchOrganization, logout, revokeSession, revokeOtherSessions, createInvitation, validateInvitation, acceptInvitation, revokeInvitation, createApiKey, revokeApiKey, createAccount, updateAccount, deleteAccount, createFiscalYear, closePeriod, reopenPeriod, closeYear, createJournalEntry, postJournalEntry, voidJournalEntry, createTaxRate, updateTaxRate, deleteTaxRate, createTaxGroup, updateTaxGroup, deleteTaxGroup, createVendor, updateVendor, deleteVendor, createBill, approveBill, voidBill, recordBillPayment, createInvoice, approveInvoice, voidInvoice, recordInvoiceReceipt, createTimeEntry, updateTimeEntry, submitTimeEntry, approveTimeEntry, rejectTimeEntry]}
	Unmapped registrations: {}
	Unmapped arguments: {}
	Field nullness errors: {}
	Argument nullness errors: {HrGraphqlController#departments[1 args]=[boolean activeOnly should be NULLABLE], HrGraphqlController#positions[1 args]=[boolean activeOnly should be NULLABLE], HrGraphqlController#leaveTypes[1 args]=[boolean activeOnly should be NULLABLE]}
	Skipped types: []
2026-09-01 23:45:03.575 [ForkJoinPool-1-worker-1] INFO  c.a.t.g.HrGraphqlControllerTest - Started HrGraphqlControllerTest in 4.969 seconds (process running for 78.127)
2026-09-01 23:45:08.263 [ForkJoinPool-1-worker-5] INFO  c.a.t.d.m.c.SubcontractOrderController - → Entering SubcontractOrderController.list
2026-09-01 23:45:08.263 [ForkJoinPool-1-worker-5] INFO  c.a.t.d.m.c.SubcontractOrderController - ← Exiting SubcontractOrderController.list (0ms)
2026-09-01 23:45:08.267 [ForkJoinPool-1-worker-1] INFO  o.s.b.t.c.SpringBootTestContextBootstrapper - Found @SpringBootConfiguration com.aquinofroilan.tessera.TesseraApplication for test class com.aquinofroilan.tessera.graphql.AttendanceGraphqlControllerTest
2026-09-01 23:45:09.872 [ForkJoinPool-1-worker-4] DEBUG o.s.security.web.FilterChainProxy - Securing GET /api/v1/organization/audit-logs
2026-09-01 23:45:09.878 [ForkJoinPool-1-worker-1] DEBUG o.s.s.a.m.AuthorizationManagerBeforeMethodInterceptor - Authorized method invocation ReflectiveMethodInvocation: public java.lang.Object com.aquinofroilan.tessera.graphql.AttendanceGraphqlController.attendance(java.util.UUID,java.lang.String,java.lang.String); target is of class [com.aquinofroilan.tessera.graphql.AttendanceGraphqlController]
2026-09-01 23:45:09.940 [ForkJoinPool-1-worker-5] DEBUG o.s.s.a.m.AuthorizationManagerBeforeMethodInterceptor - Authorized method invocation ReflectiveMethodInvocation: public org.springframework.http.ResponseEntity com.aquinofroilan.tessera.domain.mfg.controller.SubcontractOrderController.getById(java.util.UUID,java.util.UUID); target is of class [com.aquinofroilan.tessera.domain.mfg.controller.SubcontractOrderController]
2026-09-01 23:45:09.945 [ForkJoinPool-1-worker-5] INFO  c.a.t.d.m.c.SubcontractOrderController - → Entering SubcontractOrderController.getById
2026-09-01 23:45:09.946 [ForkJoinPool-1-worker-5] INFO  c.a.t.d.m.c.SubcontractOrderController - ← Exiting SubcontractOrderController.getById (1ms)
2026-09-01 23:45:09.946 [ForkJoinPool-1-worker-4] INFO  o.s.t.c.s.AnnotationConfigContextLoaderUtils - Could not detect default configuration classes for test class [com.aquinofroilan.tessera.domain.sales.controller.PricingControllerTest]: PricingControllerTest does not declare any static, non-private, non-final, nested classes annotated with @Configuration.
]]></system-out>
  <system-err><![CDATA[]]></system-err>
</testsuite>
