<?xml version="1.0" encoding="UTF-8"?>
<testsuite name="com.aquinofroilan.tessera.domain.auth.controller.ApiKeyControllerTest" tests="7" skipped="0" failures="0" errors="0" timestamp="2026-09-01T23:43:48.292Z" hostname="runnervmgx7h7" time="25.656">
  <properties/>
  <testcase name="DELETE api-keys should return 400 when already revoked()" classname="com.aquinofroilan.tessera.domain.auth.controller.ApiKeyControllerTest" time="5.432"/>
  <testcase name="GET api-keys should return 200 with key list()" classname="com.aquinofroilan.tessera.domain.auth.controller.ApiKeyControllerTest" time="0.058"/>
  <testcase name="POST api-keys should return 400 when name is blank()" classname="com.aquinofroilan.tessera.domain.auth.controller.ApiKeyControllerTest" time="2.245"/>
  <testcase name="POST api-keys should return 201 with raw key()" classname="com.aquinofroilan.tessera.domain.auth.controller.ApiKeyControllerTest" time="0.063"/>
  <testcase name="POST api-keys should return 403 without apikey manage permission()" classname="com.aquinofroilan.tessera.domain.auth.controller.ApiKeyControllerTest" time="0.079"/>
  <testcase name="DELETE api-keys should return 200 when revoked()" classname="com.aquinofroilan.tessera.domain.auth.controller.ApiKeyControllerTest" time="0.137"/>
  <testcase name="POST api-keys should return 400 with invalid permissions()" classname="com.aquinofroilan.tessera.domain.auth.controller.ApiKeyControllerTest" time="2.941"/>
  <system-out><![CDATA[23:43:48.797 [ForkJoinPool-1-worker-5] INFO org.springframework.test.context.support.AnnotationConfigContextLoaderUtils -- Could not detect default configuration classes for test class [com.aquinofroilan.tessera.domain.auth.controller.ApiKeyControllerTest]: ApiKeyControllerTest does not declare any static, non-private, non-final, nested classes annotated with @Configuration.
23:43:49.624 [ForkJoinPool-1-worker-5] INFO org.springframework.boot.test.context.SpringBootTestContextBootstrapper -- Found @SpringBootConfiguration com.aquinofroilan.tessera.TesseraApplication for test class com.aquinofroilan.tessera.domain.auth.controller.ApiKeyControllerTest

  .   ____          _            __ _ _
 /\\ / ___'_ __ _ _(_)_ __  __ _ \ \ \ \
( ( )\___ | '_ | '_| | '_ \/ _` | \ \ \ \
 \\/  ___)| |_)| | | | | || (_| |  ) ) ) )
  '  |____| .__|_| |_|_| |_\__, | / / / /
 =========|_|==============|___/=/_/_/_/

 :: Spring Boot ::                (v4.0.1)

23:44:03.009 [ForkJoinPool-1-worker-3] INFO  c.a.t.config.EnvironmentInitializer - No .env file found in project root: /home/runner/work/tessera-kt/tessera-kt/.env
23:44:03.011 [ForkJoinPool-1-worker-3] INFO  c.a.t.d.c.c.CustomerPortalControllerTest - Starting CustomerPortalControllerTest using Java 26.0.2.1 with PID 3792 (started by runner in /home/runner/work/tessera-kt/tessera-kt)
23:44:03.011 [ForkJoinPool-1-worker-3] DEBUG c.a.t.d.c.c.CustomerPortalControllerTest - Running with Spring Boot v4.0.1, Spring v7.0.2
23:44:03.012 [ForkJoinPool-1-worker-3] INFO  c.a.t.d.c.c.CustomerPortalControllerTest - The following 1 profile is active: "test"
23:44:04.767 [ForkJoinPool-1-worker-3] DEBUG c.a.t.c.TokenAuthenticationFilter - Filter 'tokenAuthenticationFilter' configured for use
23:44:04.767 [ForkJoinPool-1-worker-3] INFO  o.s.b.t.m.w.SpringBootMockServletContext - Initializing Spring TestDispatcherServlet ''
23:44:04.768 [ForkJoinPool-1-worker-3] INFO  o.s.t.w.s.TestDispatcherServlet - Initializing Servlet ''
23:44:04.769 [ForkJoinPool-1-worker-3] INFO  o.s.t.w.s.TestDispatcherServlet - Completed initialization in 1 ms
23:44:04.791 [ForkJoinPool-1-worker-3] INFO  c.a.t.d.c.c.CustomerPortalControllerTest - Started CustomerPortalControllerTest in 1.845 seconds (process running for 19.342)

  .   ____          _            __ _ _
 /\\ / ___'_ __ _ _(_)_ __  __ _ \ \ \ \
( ( )\___ | '_ | '_| | '_ \/ _` | \ \ \ \
 \\/  ___)| |_)| | | | | || (_| |  ) ) ) )
  '  |____| .__|_| |_|_| |_\__, | / / / /
 =========|_|==============|___/=/_/_/_/

 :: Spring Boot ::                (v4.0.1)

23:44:04.834 [ForkJoinPool-1-worker-2] INFO  c.a.t.config.EnvironmentInitializer - No .env file found in project root: /home/runner/work/tessera-kt/tessera-kt/.env
23:44:04.838 [ForkJoinPool-1-worker-2] INFO  c.a.t.d.a.c.InvitationControllerTest - Starting InvitationControllerTest using Java 26.0.2.1 with PID 3792 (started by runner in /home/runner/work/tessera-kt/tessera-kt)
23:44:04.841 [ForkJoinPool-1-worker-2] DEBUG c.a.t.d.a.c.InvitationControllerTest - Running with Spring Boot v4.0.1, Spring v7.0.2
23:44:04.841 [ForkJoinPool-1-worker-2] INFO  c.a.t.d.a.c.InvitationControllerTest - The following 1 profile is active: "test"
23:44:06.476 [ForkJoinPool-1-worker-2] DEBUG c.a.t.c.TokenAuthenticationFilter - Filter 'tokenAuthenticationFilter' configured for use
23:44:06.476 [ForkJoinPool-1-worker-2] INFO  o.s.b.t.m.w.SpringBootMockServletContext - Initializing Spring TestDispatcherServlet ''
23:44:06.477 [ForkJoinPool-1-worker-2] INFO  o.s.t.w.s.TestDispatcherServlet - Initializing Servlet ''
23:44:06.478 [ForkJoinPool-1-worker-2] INFO  o.s.t.w.s.TestDispatcherServlet - Completed initialization in 1 ms
23:44:06.504 [ForkJoinPool-1-worker-2] INFO  c.a.t.d.a.c.InvitationControllerTest - Started InvitationControllerTest in 1.709 seconds (process running for 21.055)
2026-09-01 23:44:10.715 [ForkJoinPool-1-worker-1] DEBUG o.s.s.a.m.AuthorizationManagerBeforeMethodInterceptor - Failed to authorize ReflectiveMethodInvocation: public java.lang.Object com.aquinofroilan.tessera.graphql.QuotationGraphqlController.createQuotation(java.lang.Object); target is of class [com.aquinofroilan.tessera.graphql.QuotationGraphqlController] with authorization manager org.springframework.security.authorization.method.PreAuthorizeAuthorizationManager@6cdfb1da and result ExpressionAuthorizationDecision [granted=false, expressionAttribute=hasAuthority('sales:write')]
2026-09-01 23:44:10.700 [ForkJoinPool-1-worker-3] DEBUG o.s.s.a.m.AuthorizationManagerBeforeMethodInterceptor - Authorizing method invocation ReflectiveMethodInvocation: public org.springframework.http.ResponseEntity com.aquinofroilan.tessera.domain.crm.controller.CustomerPortalController.getMyOrders(java.util.UUID,java.util.UUID,com.aquinofroilan.tessera.domain.sales.model.SalesOrderStatus); target is of class [com.aquinofroilan.tessera.domain.crm.controller.CustomerPortalController]
2026-09-01 23:44:10.716 [ForkJoinPool-1-worker-3] DEBUG o.s.s.a.m.AuthorizationManagerBeforeMethodInterceptor - Authorized method invocation ReflectiveMethodInvocation: public org.springframework.http.ResponseEntity com.aquinofroilan.tessera.domain.crm.controller.CustomerPortalController.getMyOrders(java.util.UUID,java.util.UUID,com.aquinofroilan.tessera.domain.sales.model.SalesOrderStatus); target is of class [com.aquinofroilan.tessera.domain.crm.controller.CustomerPortalController]
2026-09-01 23:44:10.721 [ForkJoinPool-1-worker-2] DEBUG o.s.security.web.FilterChainProxy - Securing POST /api/v1/auth/invitations/validate
2026-09-01 23:44:10.722 [ForkJoinPool-1-worker-3] INFO  c.a.t.d.c.c.CustomerPortalController - → Entering CustomerPortalController.getMyOrders
2026-09-01 23:44:10.724 [ForkJoinPool-1-worker-3] INFO  c.a.t.d.c.c.CustomerPortalController - ← Exiting CustomerPortalController.getMyOrders (0ms)
2026-09-01 23:44:10.724 [ForkJoinPool-1-worker-5] DEBUG o.s.security.web.FilterChainProxy - Securing POST /api/v1/auth/api-keys
2026-09-01 23:44:10.727 [ForkJoinPool-1-worker-5] DEBUG o.s.security.web.FilterChainProxy - Secured POST /api/v1/auth/api-keys
2026-09-01 23:44:10.718 [ForkJoinPool-1-worker-1] ERROR o.s.g.e.ExceptionResolversExceptionHandler - Unresolved AuthorizationDeniedException for executionId 3031eb15-ebf8-fd96-6d15-7c5a123d1461
org.springframework.security.authorization.AuthorizationDeniedException: Access Denied
	at org.springframework.security.authorization.method.ThrowingMethodAuthorizationDeniedHandler.handleDeniedInvocation(ThrowingMethodAuthorizationDeniedHandler.java:38) ~[spring-security-core-7.0.2.jar:7.0.2]
	at org.springframework.security.authorization.method.PreAuthorizeAuthorizationManager.handleDeniedInvocation(PreAuthorizeAuthorizationManager.java:96) ~[spring-security-core-7.0.2.jar:7.0.2]
	at org.springframework.security.authorization.method.AuthorizationManagerBeforeMethodInterceptor.handle(AuthorizationManagerBeforeMethodInterceptor.java:290) ~[spring-security-core-7.0.2.jar:7.0.2]
	at org.springframework.security.authorization.method.AuthorizationManagerBeforeMethodInterceptor.attemptAuthorization(AuthorizationManagerBeforeMethodInterceptor.java:263) ~[spring-security-core-7.0.2.jar:7.0.2]
	at org.springframework.security.authorization.method.AuthorizationManagerBeforeMethodInterceptor.invoke(AuthorizationManagerBeforeMethodInterceptor.java:197) ~[spring-security-core-7.0.2.jar:7.0.2]
	at org.springframework.security.config.annotation.method.configuration.DeferringMethodInterceptor.invoke(DeferringMethodInterceptor.java:44) ~[spring-security-config-7.0.2.jar:7.0.2]
	at org.springframework.aop.framework.ReflectiveMethodInvocation.proceed(ReflectiveMethodInvocation.java:179) ~[spring-aop-7.0.2.jar:7.0.2]
	at org.springframework.aop.framework.CglibAopProxy$DynamicAdvisedInterceptor.intercept(CglibAopProxy.java:719) ~[spring-aop-7.0.2.jar:7.0.2]
	at com.aquinofroilan.tessera.graphql.QuotationGraphqlController$$SpringCGLIB$$0.createQuotation(<generated>) ~[main/:na]
	at java.base/jdk.internal.reflect.DirectMethodHandleAccessor.invoke(DirectMethodHandleAccessor.java:104) ~[na:na]
	at java.base/java.lang.reflect.Method.invoke(Method.java:565) ~[na:na]
	at org.springframework.graphql.data.method.InvocableHandlerMethodSupport.doInvoke(InvocableHandlerMethodSupport.java:120) ~[spring-graphql-2.0.1.jar:2.0.1]
	at org.springframework.graphql.data.method.annotation.support.DataFetcherHandlerMethod.validateAndInvoke(DataFetcherHandlerMethod.java:144) ~[spring-graphql-2.0.1.jar:2.0.1]
	at org.springframework.graphql.data.method.annotation.support.DataFetcherHandlerMethod.invoke(DataFetcherHandlerMethod.java:128) ~[spring-graphql-2.0.1.jar:2.0.1]
	at org.springframework.graphql.data.method.annotation.support.DataFetcherHandlerMethod.invoke(DataFetcherHandlerMethod.java:107) ~[spring-graphql-2.0.1.jar:2.0.1]
	at org.springframework.graphql.data.method.annotation.support.AnnotatedControllerConfigurer$SchemaMappingDataFetcher.get(AnnotatedControllerConfigurer.java:522) ~[spring-graphql-2.0.1.jar:2.0.1]
	at org.springframework.graphql.execution.ContextDataFetcherDecorator.lambda$get$0(ContextDataFetcherDecorator.java:92) ~[spring-graphql-2.0.1.jar:2.0.1]
	at io.micrometer.context.ContextSnapshot.lambda$wrap$1(ContextSnapshot.java:106) ~[context-propagation-1.2.0.jar:1.2.0]
	at org.springframework.graphql.execution.ContextDataFetcherDecorator.get(ContextDataFetcherDecorator.java:92) ~[spring-graphql-2.0.1.jar:2.0.1]
	at graphql.execution.ExecutionStrategy.invokeDataFetcher(ExecutionStrategy.java:512) ~[graphql-java-25.0.jar:na]
	at graphql.execution.ExecutionStrategy.fetchField(ExecutionStrategy.java:466) ~[graphql-java-25.0.jar:na]
	at graphql.execution.ExecutionStrategy.fetchField(ExecutionStrategy.java:404) ~[graphql-java-25.0.jar:na]
	at graphql.execution.ExecutionStrategy.resolveFieldWithInfo(ExecutionStrategy.java:360) ~[graphql-java-25.0.jar:na]
	at graphql.execution.AsyncSerialExecutionStrategy.resolveSerialField(AsyncSerialExecutionStrategy.java:73) ~[graphql-java-25.0.jar:na]
	at graphql.execution.AsyncSerialExecutionStrategy.lambda$execute$0(AsyncSerialExecutionStrategy.java:57) ~[graphql-java-25.0.jar:na]
	at graphql.execution.Async.eachSequentiallyPolymorphicImpl(Async.java:332) ~[graphql-java-25.0.jar:na]
	at graphql.execution.Async.eachSequentially(Async.java:320) ~[graphql-java-25.0.jar:na]
	at graphql.execution.AsyncSerialExecutionStrategy.execute(AsyncSerialExecutionStrategy.java:52) ~[graphql-java-25.0.jar:na]
	at graphql.execution.Execution.executeOperation(Execution.java:220) ~[graphql-java-25.0.jar:na]
	at graphql.execution.Execution.execute(Execution.java:139) ~[graphql-java-25.0.jar:na]
	at graphql.GraphQL.execute(GraphQL.java:620) ~[graphql-java-25.0.jar:na]
	at graphql.GraphQL.lambda$parseValidateAndExecute$5(GraphQL.java:549) ~[graphql-java-25.0.jar:na]
	at java.base/java.util.concurrent.CompletableFuture.uniComposeStage(CompletableFuture.java:1208) ~[na:na]
	at java.base/java.util.concurrent.CompletableFuture.thenCompose(CompletableFuture.java:2368) ~[na:na]
	at graphql.EngineRunningState.compose(EngineRunningState.java:91) ~[graphql-java-25.0.jar:na]
	at graphql.GraphQL.parseValidateAndExecute(GraphQL.java:544) ~[graphql-java-25.0.jar:na]
	at graphql.GraphQL.lambda$executeAsync$1(GraphQL.java:504) ~[graphql-java-25.0.jar:na]
	at java.base/java.util.concurrent.CompletableFuture.uniComposeStage(CompletableFuture.java:1208) ~[na:na]
	at java.base/java.util.concurrent.CompletableFuture.thenCompose(CompletableFuture.java:2368) ~[na:na]
	at graphql.EngineRunningState.compose(EngineRunningState.java:91) ~[graphql-java-25.0.jar:na]
	at graphql.GraphQL.lambda$executeAsync$2(GraphQL.java:493) ~[graphql-java-25.0.jar:na]
	at graphql.EngineRunningState.engineRun(EngineRunningState.java:202) ~[graphql-java-25.0.jar:na]
	at graphql.GraphQL.executeAsync(GraphQL.java:485) ~[graphql-java-25.0.jar:na]
	at org.springframework.graphql.execution.DefaultExecutionGraphQlService.lambda$execute$0(DefaultExecutionGraphQlService.java:95) ~[spring-graphql-2.0.1.jar:2.0.1]
	at reactor.core.publisher.MonoDeferContextual.subscribe(MonoDeferContextual.java:48) ~[reactor-core-3.8.1.jar:3.8.1]
	at reactor.core.publisher.Mono.subscribe(Mono.java:4569) ~[reactor-core-3.8.1.jar:3.8.1]
	at reactor.core.publisher.Mono.block(Mono.java:1799) ~[reactor-core-3.8.1.jar:3.8.1]
	at org.springframework.graphql.test.tester.DefaultGraphQlTester$DefaultRequest.execute(DefaultGraphQlTester.java:179) ~[spring-graphql-test-2.0.1.jar:2.0.1]
	at com.aquinofroilan.tessera.graphql.QuotationGraphqlControllerTest.createQuotation mutation should be denied without write authority(QuotationGraphqlControllerTest.kt:81) ~[test/:na]
	at java.base/jdk.internal.reflect.DirectMethodHandleAccessor.invoke(DirectMethodHandleAccessor.java:104) ~[na:na]
	at java.base/java.lang.reflect.Method.invoke(Method.java:565) ~[na:na]
	at org.junit.platform.commons.util.ReflectionUtils.invokeMethod(ReflectionUtils.java:701) ~[junit-platform-commons-6.0.1.jar:6.0.1]
	at org.junit.platform.commons.support.ReflectionSupport.invokeMethod(ReflectionSupport.java:502) ~[junit-platform-commons-6.0.1.jar:6.0.1]
	at org.junit.jupiter.engine.support.MethodReflectionUtils.invoke(MethodReflectionUtils.java:45) ~[junit-jupiter-engine-6.0.1.jar:6.0.1]
	at org.junit.jupiter.engine.execution.MethodInvocation.proceed(MethodInvocation.java:61) ~[junit-jupiter-engine-6.0.1.jar:6.0.1]
	at org.junit.jupiter.engine.execution.InvocationInterceptorChain$ValidatingInvocation.proceed(InvocationInterceptorChain.java:124) ~[junit-jupiter-engine-6.0.1.jar:6.0.1]
	at org.junit.jupiter.engine.extension.TimeoutExtension.intercept(TimeoutExtension.java:163) ~[junit-jupiter-engine-6.0.1.jar:6.0.1]
	at org.junit.jupiter.engine.extension.TimeoutExtension.interceptTestableMethod(TimeoutExtension.java:148) ~[junit-jupiter-engine-6.0.1.jar:6.0.1]
	at org.junit.jupiter.engine.extension.TimeoutExtension.interceptTestMethod(TimeoutExtension.java:86) ~[junit-jupiter-engine-6.0.1.jar:6.0.1]
	at org.junit.jupiter.engine.execution.InterceptingExecutableInvoker$ReflectiveInterceptorCall.lambda$ofVoidMethod$0(InterceptingExecutableInvoker.java:123) ~[junit-jupiter-engine-6.0.1.jar:6.0.1]
	at org.junit.jupiter.engine.execution.InterceptingExecutableInvoker.lambda$invoke$0(InterceptingExecutableInvoker.java:105) ~[junit-jupiter-engine-6.0.1.jar:6.0.1]
	at org.junit.jupiter.engine.execution.InvocationInterceptorChain$InterceptedInvocation.proceed(InvocationInterceptorChain.java:99) ~[junit-jupiter-engine-6.0.1.jar:6.0.1]
	at org.junit.jupiter.engine.execution.InvocationInterceptorChain.proceed(InvocationInterceptorChain.java:66) ~[junit-jupiter-engine-6.0.1.jar:6.0.1]
	at org.junit.jupiter.engine.execution.InvocationInterceptorChain.chainAndInvoke(InvocationInterceptorChain.java:47) ~[junit-jupiter-engine-6.0.1.jar:6.0.1]
	at org.junit.jupiter.engine.execution.InvocationInterceptorChain.invoke(InvocationInterceptorChain.java:39) ~[junit-jupiter-engine-6.0.1.jar:6.0.1]
	at org.junit.jupiter.engine.execution.InterceptingExecutableInvoker.invoke(InterceptingExecutableInvoker.java:104) ~[junit-jupiter-engine-6.0.1.jar:6.0.1]
	at org.junit.jupiter.engine.execution.InterceptingExecutableInvoker.invoke(InterceptingExecutableInvoker.java:98) ~[junit-jupiter-engine-6.0.1.jar:6.0.1]
	at org.junit.jupiter.engine.execution.InterceptingExecutableInvoker.invokeVoid(InterceptingExecutableInvoker.java:71) ~[junit-jupiter-engine-6.0.1.jar:6.0.1]
	at org.junit.jupiter.engine.descriptor.TestMethodTestDescriptor.lambda$invokeTestMethod$0(TestMethodTestDescriptor.java:219) ~[junit-jupiter-engine-6.0.1.jar:6.0.1]
	at org.junit.platform.engine.support.hierarchical.ThrowableCollector.execute(ThrowableCollector.java:74) ~[junit-platform-engine-6.0.1.jar:6.0.1]
	at org.junit.jupiter.engine.descriptor.TestMethodTestDescriptor.invokeTestMethod(TestMethodTestDescriptor.java:215) ~[junit-jupiter-engine-6.0.1.jar:6.0.1]
	at org.junit.jupiter.engine.descriptor.TestMethodTestDescriptor.execute(TestMethodTestDescriptor.java:157) ~[junit-jupiter-engine-6.0.1.jar:6.0.1]
	at org.junit.jupiter.engine.descriptor.TestMethodTestDescriptor.execute(TestMethodTestDescriptor.java:70) ~[junit-jupiter-engine-6.0.1.jar:6.0.1]
	at org.junit.platform.engine.support.hierarchical.NodeTestTask.lambda$executeRecursively$2(NodeTestTask.java:176) ~[junit-platform-engine-6.0.1.jar:6.0.1]
	at org.junit.platform.engine.support.hierarchical.ThrowableCollector.execute(ThrowableCollector.java:74) ~[junit-platform-engine-6.0.1.jar:6.0.1]
	at org.junit.platform.engine.support.hierarchical.NodeTestTask.lambda$executeRecursively$1(NodeTestTask.java:166) ~[junit-platform-engine-6.0.1.jar:6.0.1]
	at org.junit.platform.engine.support.hierarchical.Node.around(Node.java:138) ~[junit-platform-engine-6.0.1.jar:6.0.1]
	at org.junit.platform.engine.support.hierarchical.NodeTestTask.lambda$executeRecursively$0(NodeTestTask.java:164) ~[junit-platform-engine-6.0.1.jar:6.0.1]
	at org.junit.platform.engine.support.hierarchical.ThrowableCollector.execute(ThrowableCollector.java:74) ~[junit-platform-engine-6.0.1.jar:6.0.1]
	at org.junit.platform.engine.support.hierarchical.NodeTestTask.executeRecursively(NodeTestTask.java:163) ~[junit-platform-engine-6.0.1.jar:6.0.1]
	at org.junit.platform.engine.support.hierarchical.NodeTestTask.execute(NodeTestTask.java:116) ~[junit-platform-engine-6.0.1.jar:6.0.1]
	at org.junit.platform.engine.support.hierarchical.ForkJoinPoolHierarchicalTestExecutorService$ExclusiveTask.exec(ForkJoinPoolHierarchicalTestExecutorService.java:253) ~[junit-platform-engine-6.0.1.jar:6.0.1]
	at org.junit.platform.engine.support.hierarchical.ForkJoinPoolHierarchicalTestExecutorService$ExclusiveTask.execSync(ForkJoinPoolHierarchicalTestExecutorService.java:226) ~[junit-platform-engine-6.0.1.jar:6.0.1]
	at org.junit.platform.engine.support.hierarchical.ForkJoinPoolHierarchicalTestExecutorService.executeSync(ForkJoinPoolHierarchicalTestExecutorService.java:168) ~[junit-platform-engine-6.0.1.jar:6.0.1]
	at org.junit.platform.engine.support.hierarchical.ForkJoinPoolHierarchicalTestExecutorService.invokeAll(ForkJoinPoolHierarchicalTestExecutorService.java:140) ~[junit-platform-engine-6.0.1.jar:6.0.1]
	at org.junit.platform.engine.support.hierarchical.NodeTestTask.lambda$executeRecursively$2(NodeTestTask.java:180) ~[junit-platform-engine-6.0.1.jar:6.0.1]
	at org.junit.platform.engine.support.hierarchical.ThrowableCollector.execute(ThrowableCollector.java:74) ~[junit-platform-engine-6.0.1.jar:6.0.1]
	at org.junit.platform.engine.support.hierarchical.NodeTestTask.lambda$executeRecursively$1(NodeTestTask.java:166) ~[junit-platform-engine-6.0.1.jar:6.0.1]
	at org.junit.platform.engine.support.hierarchical.Node.around(Node.java:138) ~[junit-platform-engine-6.0.1.jar:6.0.1]
	at org.junit.platform.engine.support.hierarchical.NodeTestTask.lambda$executeRecursively$0(NodeTestTask.java:164) ~[junit-platform-engine-6.0.1.jar:6.0.1]
	at org.junit.platform.engine.support.hierarchical.ThrowableCollector.execute(ThrowableCollector.java:74) ~[junit-platform-engine-6.0.1.jar:6.0.1]
	at org.junit.platform.engine.support.hierarchical.NodeTestTask.executeRecursively(NodeTestTask.java:163) ~[junit-platform-engine-6.0.1.jar:6.0.1]
	at org.junit.platform.engine.support.hierarchical.NodeTestTask.execute(NodeTestTask.java:116) ~[junit-platform-engine-6.0.1.jar:6.0.1]
	at org.junit.platform.engine.support.hierarchical.ForkJoinPoolHierarchicalTestExecutorService$ExclusiveTask.exec(ForkJoinPoolHierarchicalTestExecutorService.java:253) ~[junit-platform-engine-6.0.1.jar:6.0.1]
	at java.base/java.util.concurrent.ForkJoinTask.doExec(ForkJoinTask.java:511) ~[na:na]
	at java.base/java.util.concurrent.ForkJoinPool$WorkQueue.tryRemoveAndExec(ForkJoinPool.java:1490) ~[na:na]
	at java.base/java.util.concurrent.ForkJoinPool.helpJoin(ForkJoinPool.java:2248) ~[na:na]
	at java.base/java.util.concurrent.ForkJoinTask.awaitDone(ForkJoinTask.java:499) ~[na:na]
	at java.base/java.util.concurrent.ForkJoinTask.join(ForkJoinTask.java:669) ~[na:na]
	at org.junit.platform.engine.support.hierarchical.ForkJoinPoolHierarchicalTestExecutorService.joinConcurrentTasksInReverseOrderToEnableWorkStealing(ForkJoinPoolHierarchicalTestExecutorService.java:175) ~[junit-platform-engine-6.0.1.jar:6.0.1]
	at org.junit.platform.engine.support.hierarchical.ForkJoinPoolHierarchicalTestExecutorService.invokeAll(ForkJoinPoolHierarchicalTestExecutorService.java:141) ~[junit-platform-engine-6.0.1.jar:6.0.1]
	at org.junit.platform.engine.support.hierarchical.NodeTestTask.lambda$executeRecursively$2(NodeTestTask.java:180) ~[junit-platform-engine-6.0.1.jar:6.0.1]
	at org.junit.platform.engine.support.hierarchical.ThrowableCollector.execute(ThrowableCollector.java:74) ~[junit-platform-engine-6.0.1.jar:6.0.1]
	at org.junit.platform.engine.support.hierarchical.NodeTestTask.lambda$executeRecursively$1(NodeTestTask.java:166) ~[junit-platform-engine-6.0.1.jar:6.0.1]
	at org.junit.platform.engine.support.hierarchical.Node.around(Node.java:138) ~[junit-platform-engine-6.0.1.jar:6.0.1]
	at org.junit.platform.engine.support.hierarchical.NodeTestTask.lambda$executeRecursively$0(NodeTestTask.java:164) ~[junit-platform-engine-6.0.1.jar:6.0.1]
	at org.junit.platform.engine.support.hierarchical.ThrowableCollector.execute(ThrowableCollector.java:74) ~[junit-platform-engine-6.0.1.jar:6.0.1]
	at org.junit.platform.engine.support.hierarchical.NodeTestTask.executeRecursively(NodeTestTask.java:163) ~[junit-platform-engine-6.0.1.jar:6.0.1]
	at org.junit.platform.engine.support.hierarchical.NodeTestTask.execute(NodeTestTask.java:116) ~[junit-platform-engine-6.0.1.jar:6.0.1]
	at org.junit.platform.engine.support.hierarchical.ForkJoinPoolHierarchicalTestExecutorService$ExclusiveTask.exec(ForkJoinPoolHierarchicalTestExecutorService.java:253) ~[junit-platform-engine-6.0.1.jar:6.0.1]
	at java.base/java.util.concurrent.ForkJoinTask.doExec(ForkJoinTask.java:511) ~[na:na]
	at java.base/java.util.concurrent.ForkJoinPool$WorkQueue.topLevelExec(ForkJoinPool.java:1450) ~[na:na]
	at java.base/java.util.concurrent.ForkJoinPool.runWorker(ForkJoinPool.java:2019) ~[na:na]
	at java.base/java.util.concurrent.ForkJoinWorkerThread.run(ForkJoinWorkerThread.java:187) ~[na:na]
2026-09-01 23:44:10.725 [ForkJoinPool-1-worker-2] DEBUG o.s.security.web.FilterChainProxy - Secured POST /api/v1/auth/invitations/validate
2026-09-01 23:44:10.738 [ForkJoinPool-1-worker-5] DEBUG o.s.s.a.m.AuthorizationManagerBeforeMethodInterceptor - Authorizing method invocation ReflectiveMethodInvocation: public org.springframework.http.ResponseEntity com.aquinofroilan.tessera.domain.auth.controller.ApiKeyController.createApiKey(com.aquinofroilan.tessera.domain.auth.dto.CreateApiKeyRequest); target is of class [com.aquinofroilan.tessera.domain.auth.controller.ApiKeyController]
2026-09-01 23:44:10.747 [ForkJoinPool-1-worker-5] DEBUG o.s.s.a.m.AuthorizationManagerBeforeMethodInterceptor - Authorized method invocation ReflectiveMethodInvocation: public org.springframework.http.ResponseEntity com.aquinofroilan.tessera.domain.auth.controller.ApiKeyController.createApiKey(com.aquinofroilan.tessera.domain.auth.dto.CreateApiKeyRequest); target is of class [com.aquinofroilan.tessera.domain.auth.controller.ApiKeyController]
2026-09-01 23:44:10.749 [ForkJoinPool-1-worker-5] INFO  c.a.t.d.a.c.ApiKeyController - → Entering ApiKeyController.createApiKey
2026-09-01 23:44:10.775 [ForkJoinPool-1-worker-3] DEBUG o.s.security.web.FilterChainProxy - Securing GET /api/v1/portal/invoices
2026-09-01 23:44:10.777 [ForkJoinPool-1-worker-3] DEBUG o.s.security.web.FilterChainProxy - Secured GET /api/v1/portal/invoices
2026-09-01 23:44:10.776 [ForkJoinPool-1-worker-1] DEBUG o.s.s.a.m.AuthorizationManagerBeforeMethodInterceptor - Authorizing method invocation ReflectiveMethodInvocation: public java.lang.Object com.aquinofroilan.tessera.graphql.QuotationGraphqlController.quotations(java.lang.String,java.util.UUID); target is of class [com.aquinofroilan.tessera.graphql.QuotationGraphqlController]
2026-09-01 23:44:10.779 [ForkJoinPool-1-worker-1] DEBUG o.s.s.a.m.AuthorizationManagerBeforeMethodInterceptor - Authorized method invocation ReflectiveMethodInvocation: public java.lang.Object com.aquinofroilan.tessera.graphql.QuotationGraphqlController.quotations(java.lang.String,java.util.UUID); target is of class [com.aquinofroilan.tessera.graphql.QuotationGraphqlController]
2026-09-01 23:44:10.783 [ForkJoinPool-1-worker-5] DEBUG o.s.security.web.FilterChainProxy - Securing POST /api/v1/auth/api-keys
2026-09-01 23:44:10.783 [ForkJoinPool-1-worker-2] DEBUG o.s.security.web.FilterChainProxy - Securing POST /api/v1/auth/invitations/accept
2026-09-01 23:44:10.831 [ForkJoinPool-1-worker-5] DEBUG o.s.security.web.FilterChainProxy - Secured POST /api/v1/auth/api-keys
2026-09-01 23:44:10.786 [ForkJoinPool-1-worker-3] DEBUG o.s.s.a.m.AuthorizationManagerBeforeMethodInterceptor - Authorizing method invocation ReflectiveMethodInvocation: public org.springframework.http.ResponseEntity com.aquinofroilan.tessera.domain.crm.controller.CustomerPortalController.getMyInvoices(java.util.UUID,java.util.UUID,com.aquinofroilan.tessera.domain.finance.model.InvoiceStatus); target is of class [com.aquinofroilan.tessera.domain.crm.controller.CustomerPortalController]
2026-09-01 23:44:10.831 [ForkJoinPool-1-worker-2] DEBUG o.s.security.web.FilterChainProxy - Secured POST /api/v1/auth/invitations/accept
2026-09-01 23:44:10.831 [ForkJoinPool-1-worker-3] DEBUG o.s.s.a.m.AuthorizationManagerBeforeMethodInterceptor - Authorized method invocation ReflectiveMethodInvocation: public org.springframework.http.ResponseEntity com.aquinofroilan.tessera.domain.crm.controller.CustomerPortalController.getMyInvoices(java.util.UUID,java.util.UUID,com.aquinofroilan.tessera.domain.finance.model.InvoiceStatus); target is of class [com.aquinofroilan.tessera.domain.crm.controller.CustomerPortalController]
2026-09-01 23:44:10.992 [ForkJoinPool-1-worker-1] INFO  o.s.t.c.s.AnnotationConfigContextLoaderUtils - Could not detect default configuration classes for test class [com.aquinofroilan.tessera.graphql.ProjectTaskGraphqlControllerTest]: ProjectTaskGraphqlControllerTest does not declare any static, non-private, non-final, nested classes annotated with @Configuration.

  .   ____          _            __ _ _
 /\\ / ___'_ __ _ _(_)_ __  __ _ \ \ \ \
( ( )\___ | '_ | '_| | '_ \/ _` | \ \ \ \
 \\/  ___)| |_)| | | | | || (_| |  ) ) ) )
  '  |____| .__|_| |_|_| |_\__, | / / / /
 =========|_|==============|___/=/_/_/_/

 :: Spring Boot ::                (v4.0.1)

2026-09-01 23:44:13.969 [ForkJoinPool-1-worker-3] INFO  c.a.t.config.EnvironmentInitializer - No .env file found in project root: /home/runner/work/tessera-kt/tessera-kt/.env
2026-09-01 23:44:13.970 [ForkJoinPool-1-worker-3] INFO  c.a.t.d.i.c.StockMovementControllerTest - Starting StockMovementControllerTest using Java 26.0.2.1 with PID 3792 (started by runner in /home/runner/work/tessera-kt/tessera-kt)
2026-09-01 23:44:13.970 [ForkJoinPool-1-worker-3] DEBUG c.a.t.d.i.c.StockMovementControllerTest - Running with Spring Boot v4.0.1, Spring v7.0.2
2026-09-01 23:44:13.971 [ForkJoinPool-1-worker-3] INFO  c.a.t.d.i.c.StockMovementControllerTest - The following 1 profile is active: "test"
2026-09-01 23:44:15.662 [ForkJoinPool-1-worker-3] DEBUG c.a.t.c.TokenAuthenticationFilter - Filter 'tokenAuthenticationFilter' configured for use
2026-09-01 23:44:15.662 [ForkJoinPool-1-worker-3] INFO  o.s.b.t.m.w.SpringBootMockServletContext - Initializing Spring TestDispatcherServlet ''
2026-09-01 23:44:15.663 [ForkJoinPool-1-worker-3] INFO  o.s.t.w.s.TestDispatcherServlet - Initializing Servlet ''
2026-09-01 23:44:15.665 [ForkJoinPool-1-worker-3] INFO  o.s.t.w.s.TestDispatcherServlet - Completed initialization in 2 ms
2026-09-01 23:44:15.681 [ForkJoinPool-1-worker-3] INFO  c.a.t.d.i.c.StockMovementControllerTest - Started StockMovementControllerTest in 1.732 seconds (process running for 30.233)

  .   ____          _            __ _ _
 /\\ / ___'_ __ _ _(_)_ __  __ _ \ \ \ \
( ( )\___ | '_ | '_| | '_ \/ _` | \ \ \ \
 \\/  ___)| |_)| | | | | || (_| |  ) ) ) )
  '  |____| .__|_| |_|_| |_\__, | / / / /
 =========|_|==============|___/=/_/_/_/

 :: Spring Boot ::                (v4.0.1)

2026-09-01 23:44:15.719 [ForkJoinPool-1-worker-4] INFO  c.a.t.config.EnvironmentInitializer - No .env file found in project root: /home/runner/work/tessera-kt/tessera-kt/.env
2026-09-01 23:44:15.721 [ForkJoinPool-1-worker-4] INFO  c.a.t.d.i.c.InventoryReportsControllerTest - Starting InventoryReportsControllerTest using Java 26.0.2.1 with PID 3792 (started by runner in /home/runner/work/tessera-kt/tessera-kt)
2026-09-01 23:44:15.721 [ForkJoinPool-1-worker-4] DEBUG c.a.t.d.i.c.InventoryReportsControllerTest - Running with Spring Boot v4.0.1, Spring v7.0.2
2026-09-01 23:44:15.721 [ForkJoinPool-1-worker-4] INFO  c.a.t.d.i.c.InventoryReportsControllerTest - The following 1 profile is active: "test"
2026-09-01 23:44:17.042 [ForkJoinPool-1-worker-4] DEBUG c.a.t.c.TokenAuthenticationFilter - Filter 'tokenAuthenticationFilter' configured for use
2026-09-01 23:44:17.045 [ForkJoinPool-1-worker-4] INFO  o.s.b.t.m.w.SpringBootMockServletContext - Initializing Spring TestDispatcherServlet ''
2026-09-01 23:44:17.045 [ForkJoinPool-1-worker-4] INFO  o.s.t.w.s.TestDispatcherServlet - Initializing Servlet ''
2026-09-01 23:44:17.047 [ForkJoinPool-1-worker-4] INFO  o.s.t.w.s.TestDispatcherServlet - Completed initialization in 1 ms
2026-09-01 23:44:17.120 [ForkJoinPool-1-worker-4] INFO  c.a.t.d.i.c.InventoryReportsControllerTest - Started InventoryReportsControllerTest in 1.422 seconds (process running for 31.671)
]]></system-out>
  <system-err><![CDATA[WARNING: A Java agent has been loaded dynamically (/home/runner/.gradle/caches/modules-2/files-2.1/net.bytebuddy/byte-buddy-agent/1.17.8/f09415827a71be7ed621c7bd02550678f28bc81c/byte-buddy-agent-1.17.8.jar)
WARNING: If a serviceability tool is in use, please run with -XX:+EnableDynamicAgentLoading to hide this warning
WARNING: If a serviceability tool is not in use, please run with -Djdk.instrument.traceUsage for more information
WARNING: Dynamic loading of agents will be disallowed by default in a future release
]]></system-err>
</testsuite>
