<?xml version="1.0" encoding="UTF-8"?>
<testsuite name="com.aquinofroilan.tessera.graphql.HrGraphqlControllerTest" tests="4" skipped="0" failures="0" errors="0" timestamp="2026-09-01T23:44:58.332Z" hostname="runnervmgx7h7" time="9.917">
  <properties/>
  <testcase name="departmentOrgChart query should return the nested tree()" classname="com.aquinofroilan.tessera.graphql.HrGraphqlControllerTest" time="1.803"/>
  <testcase name="employees query should return json payload()" classname="com.aquinofroilan.tessera.graphql.HrGraphqlControllerTest" time="0.018"/>
  <testcase name="approvePayrollRun mutation should bridge to controller()" classname="com.aquinofroilan.tessera.graphql.HrGraphqlControllerTest" time="0.015"/>
  <testcase name="createDepartment mutation should be denied without write authority()" classname="com.aquinofroilan.tessera.graphql.HrGraphqlControllerTest" time="0.026"/>
  <system-out><![CDATA[
  .   ____          _            __ _ _
 /\\ / ___'_ __ _ _(_)_ __  __ _ \ \ \ \
( ( )\___ | '_ | '_| | '_ \/ _` | \ \ \ \
 \\/  ___)| |_)| | | | | || (_| |  ) ) ) )
  '  |____| .__|_| |_|_| |_\__, | / / / /
 =========|_|==============|___/=/_/_/_/

 :: Spring Boot ::                (v4.0.1)

2026-09-01 23:45:06.419 [ForkJoinPool-1-worker-4] INFO  c.a.t.config.EnvironmentInitializer - No .env file found in project root: /home/runner/work/tessera-kt/tessera-kt/.env
2026-09-01 23:45:06.425 [ForkJoinPool-1-worker-4] INFO  c.a.t.d.o.c.OrganizationAuditLogControllerTest - Starting OrganizationAuditLogControllerTest using Java 26.0.2.1 with PID 3792 (started by runner in /home/runner/work/tessera-kt/tessera-kt)
2026-09-01 23:45:06.425 [ForkJoinPool-1-worker-4] DEBUG c.a.t.d.o.c.OrganizationAuditLogControllerTest - Running with Spring Boot v4.0.1, Spring v7.0.2
2026-09-01 23:45:06.426 [ForkJoinPool-1-worker-4] INFO  c.a.t.d.o.c.OrganizationAuditLogControllerTest - The following 1 profile is active: "test"
2026-09-01 23:45:08.053 [ForkJoinPool-1-worker-4] DEBUG c.a.t.c.TokenAuthenticationFilter - Filter 'tokenAuthenticationFilter' configured for use
2026-09-01 23:45:08.054 [ForkJoinPool-1-worker-4] INFO  o.s.b.t.m.w.SpringBootMockServletContext - Initializing Spring TestDispatcherServlet ''
2026-09-01 23:45:08.054 [ForkJoinPool-1-worker-4] INFO  o.s.t.w.s.TestDispatcherServlet - Initializing Servlet ''
2026-09-01 23:45:08.054 [ForkJoinPool-1-worker-4] INFO  o.s.t.w.s.TestDispatcherServlet - Completed initialization in 0 ms
2026-09-01 23:45:08.067 [ForkJoinPool-1-worker-4] INFO  c.a.t.d.o.c.OrganizationAuditLogControllerTest - Started OrganizationAuditLogControllerTest in 1.692 seconds (process running for 82.619)
2026-09-01 23:45:08.187 [ForkJoinPool-1-worker-3] INFO  c.a.t.d.o.c.OrganizationSettingsController - → Entering OrganizationSettingsController.updateSettingsPatch
2026-09-01 23:45:08.187 [ForkJoinPool-1-worker-3] INFO  c.a.t.d.o.c.OrganizationSettingsController - ← Exiting OrganizationSettingsController.updateSettingsPatch (0ms)
2026-09-01 23:45:08.225 [ForkJoinPool-1-worker-2] INFO  c.a.t.d.s.c.DiscountRuleController - → Entering DiscountRuleController.updateDiscountRule
2026-09-01 23:45:08.226 [ForkJoinPool-1-worker-2] INFO  c.a.t.d.s.c.DiscountRuleController - ← Exiting DiscountRuleController.updateDiscountRule (1ms)
2026-09-01 23:45:08.227 [ForkJoinPool-1-worker-3] WARN  o.s.w.s.m.s.DefaultHandlerExceptionResolver - Resolved [org.springframework.web.bind.MethodArgumentNotValidException: Validation failed for argument [1] in public org.springframework.http.ResponseEntity<com.aquinofroilan.tessera.domain.organization.dto.OrganizationSettingsResponse> com.aquinofroilan.tessera.domain.organization.controller.OrganizationSettingsController.updateSettingsPut(java.util.UUID,com.aquinofroilan.tessera.domain.organization.dto.UpdateOrganizationSettingsRequest): [Field error in object 'updateOrganizationSettingsRequest' on field 'baseCurrency': rejected value [US]; codes [Size.updateOrganizationSettingsRequest.baseCurrency,Size.baseCurrency,Size.java.lang.String,Size]; arguments [org.springframework.context.support.DefaultMessageSourceResolvable: codes [updateOrganizationSettingsRequest.baseCurrency,baseCurrency]; arguments []; default message [baseCurrency],3,3]; default message [Base currency must be a 3-letter ISO code]] ]
2026-09-01 23:45:08.233 [ForkJoinPool-1-worker-1] ERROR o.s.g.e.ExceptionResolversExceptionHandler - Unresolved AuthorizationDeniedException for executionId e6e119fc-e52f-d6d8-4373-9182cc330fef
org.springframework.security.authorization.AuthorizationDeniedException: Access Denied
	at org.springframework.security.authorization.method.ThrowingMethodAuthorizationDeniedHandler.handleDeniedInvocation(ThrowingMethodAuthorizationDeniedHandler.java:38) ~[spring-security-core-7.0.2.jar:7.0.2]
	at org.springframework.security.authorization.method.PreAuthorizeAuthorizationManager.handleDeniedInvocation(PreAuthorizeAuthorizationManager.java:96) ~[spring-security-core-7.0.2.jar:7.0.2]
	at org.springframework.security.authorization.method.AuthorizationManagerBeforeMethodInterceptor.handle(AuthorizationManagerBeforeMethodInterceptor.java:290) ~[spring-security-core-7.0.2.jar:7.0.2]
	at org.springframework.security.authorization.method.AuthorizationManagerBeforeMethodInterceptor.attemptAuthorization(AuthorizationManagerBeforeMethodInterceptor.java:263) ~[spring-security-core-7.0.2.jar:7.0.2]
	at org.springframework.security.authorization.method.AuthorizationManagerBeforeMethodInterceptor.invoke(AuthorizationManagerBeforeMethodInterceptor.java:197) ~[spring-security-core-7.0.2.jar:7.0.2]
	at org.springframework.security.config.annotation.method.configuration.DeferringMethodInterceptor.invoke(DeferringMethodInterceptor.java:44) ~[spring-security-config-7.0.2.jar:7.0.2]
	at org.springframework.aop.framework.ReflectiveMethodInvocation.proceed(ReflectiveMethodInvocation.java:179) ~[spring-aop-7.0.2.jar:7.0.2]
	at org.springframework.aop.framework.CglibAopProxy$DynamicAdvisedInterceptor.intercept(CglibAopProxy.java:719) ~[spring-aop-7.0.2.jar:7.0.2]
	at com.aquinofroilan.tessera.graphql.HrGraphqlController$$SpringCGLIB$$0.createDepartment(<generated>) ~[main/:na]
	at java.base/jdk.internal.reflect.DirectMethodHandleAccessor.invoke(DirectMethodHandleAccessor.java:104) ~[na:na]
	at java.base/java.lang.reflect.Method.invoke(Method.java:565) ~[na:na]
	at org.springframework.graphql.data.method.InvocableHandlerMethodSupport.doInvoke(InvocableHandlerMethodSupport.java:120) ~[spring-graphql-2.0.1.jar:2.0.1]
	at org.springframework.graphql.data.method.annotation.support.DataFetcherHandlerMethod.validateAndInvoke(DataFetcherHandlerMethod.java:144) ~[spring-graphql-2.0.1.jar:2.0.1]
	at org.springframework.graphql.data.method.annotation.support.DataFetcherHandlerMethod.invoke(DataFetcherHandlerMethod.java:128) ~[spring-graphql-2.0.1.jar:2.0.1]
	at org.springframework.graphql.data.method.annotation.support.DataFetcherHandlerMethod.invoke(DataFetcherHandlerMethod.java:107) ~[spring-graphql-2.0.1.jar:2.0.1]
	at org.springframework.graphql.data.method.annotation.support.AnnotatedControllerConfigurer$SchemaMappingDataFetcher.get(AnnotatedControllerConfigurer.java:522) ~[spring-graphql-2.0.1.jar:2.0.1]
	at org.springframework.graphql.execution.ContextDataFetcherDecorator.lambda$get$0(ContextDataFetcherDecorator.java:92) ~[spring-graphql-2.0.1.jar:2.0.1]
	at io.micrometer.context.ContextSnapshot.lambda$wrap$1(ContextSnapshot.java:106) ~[context-propagation-1.2.0.jar:1.2.0]
	at org.springframework.graphql.execution.ContextDataFetcherDecorator.get(ContextDataFetcherDecorator.java:92) ~[spring-graphql-2.0.1.jar:2.0.1]
	at graphql.execution.ExecutionStrategy.invokeDataFetcher(ExecutionStrategy.java:512) ~[graphql-java-25.0.jar:na]
	at graphql.execution.ExecutionStrategy.fetchField(ExecutionStrategy.java:466) ~[graphql-java-25.0.jar:na]
	at graphql.execution.ExecutionStrategy.fetchField(ExecutionStrategy.java:404) ~[graphql-java-25.0.jar:na]
	at graphql.execution.ExecutionStrategy.resolveFieldWithInfo(ExecutionStrategy.java:360) ~[graphql-java-25.0.jar:na]
	at graphql.execution.AsyncSerialExecutionStrategy.resolveSerialField(AsyncSerialExecutionStrategy.java:73) ~[graphql-java-25.0.jar:na]
	at graphql.execution.AsyncSerialExecutionStrategy.lambda$execute$0(AsyncSerialExecutionStrategy.java:57) ~[graphql-java-25.0.jar:na]
	at graphql.execution.Async.eachSequentiallyPolymorphicImpl(Async.java:332) ~[graphql-java-25.0.jar:na]
	at graphql.execution.Async.eachSequentially(Async.java:320) ~[graphql-java-25.0.jar:na]
	at graphql.execution.AsyncSerialExecutionStrategy.execute(AsyncSerialExecutionStrategy.java:52) ~[graphql-java-25.0.jar:na]
	at graphql.execution.Execution.executeOperation(Execution.java:220) ~[graphql-java-25.0.jar:na]
	at graphql.execution.Execution.execute(Execution.java:139) ~[graphql-java-25.0.jar:na]
	at graphql.GraphQL.execute(GraphQL.java:620) ~[graphql-java-25.0.jar:na]
	at graphql.GraphQL.lambda$parseValidateAndExecute$5(GraphQL.java:549) ~[graphql-java-25.0.jar:na]
	at java.base/java.util.concurrent.CompletableFuture.uniComposeStage(CompletableFuture.java:1208) ~[na:na]
	at java.base/java.util.concurrent.CompletableFuture.thenCompose(CompletableFuture.java:2368) ~[na:na]
	at graphql.EngineRunningState.compose(EngineRunningState.java:91) ~[graphql-java-25.0.jar:na]
	at graphql.GraphQL.parseValidateAndExecute(GraphQL.java:544) ~[graphql-java-25.0.jar:na]
	at graphql.GraphQL.lambda$executeAsync$1(GraphQL.java:504) ~[graphql-java-25.0.jar:na]
	at java.base/java.util.concurrent.CompletableFuture.uniComposeStage(CompletableFuture.java:1208) ~[na:na]
	at java.base/java.util.concurrent.CompletableFuture.thenCompose(CompletableFuture.java:2368) ~[na:na]
	at graphql.EngineRunningState.compose(EngineRunningState.java:91) ~[graphql-java-25.0.jar:na]
	at graphql.GraphQL.lambda$executeAsync$2(GraphQL.java:493) ~[graphql-java-25.0.jar:na]
	at graphql.EngineRunningState.engineRun(EngineRunningState.java:202) ~[graphql-java-25.0.jar:na]
	at graphql.GraphQL.executeAsync(GraphQL.java:485) ~[graphql-java-25.0.jar:na]
	at org.springframework.graphql.execution.DefaultExecutionGraphQlService.lambda$execute$0(DefaultExecutionGraphQlService.java:95) ~[spring-graphql-2.0.1.jar:2.0.1]
	at reactor.core.publisher.MonoDeferContextual.subscribe(MonoDeferContextual.java:48) ~[reactor-core-3.8.1.jar:3.8.1]
	at reactor.core.publisher.Mono.subscribe(Mono.java:4569) ~[reactor-core-3.8.1.jar:3.8.1]
	at reactor.core.publisher.Mono.block(Mono.java:1799) ~[reactor-core-3.8.1.jar:3.8.1]
	at org.springframework.graphql.test.tester.DefaultGraphQlTester$DefaultRequest.execute(DefaultGraphQlTester.java:179) ~[spring-graphql-test-2.0.1.jar:2.0.1]
	at com.aquinofroilan.tessera.graphql.HrGraphqlControllerTest.createDepartment mutation should be denied without write authority(HrGraphqlControllerTest.kt:133) ~[test/:na]
	at java.base/jdk.internal.reflect.DirectMethodHandleAccessor.invoke(DirectMethodHandleAccessor.java:104) ~[na:na]
	at java.base/java.lang.reflect.Method.invoke(Method.java:565) ~[na:na]
	at org.junit.platform.commons.util.ReflectionUtils.invokeMethod(ReflectionUtils.java:701) ~[junit-platform-commons-6.0.1.jar:6.0.1]
	at org.junit.platform.commons.support.ReflectionSupport.invokeMethod(ReflectionSupport.java:502) ~[junit-platform-commons-6.0.1.jar:6.0.1]
	at org.junit.jupiter.engine.support.MethodReflectionUtils.invoke(MethodReflectionUtils.java:45) ~[junit-jupiter-engine-6.0.1.jar:6.0.1]
	at org.junit.jupiter.engine.execution.MethodInvocation.proceed(MethodInvocation.java:61) ~[junit-jupiter-engine-6.0.1.jar:6.0.1]
	at org.junit.jupiter.engine.execution.InvocationInterceptorChain$ValidatingInvocation.proceed(InvocationInterceptorChain.java:124) ~[junit-jupiter-engine-6.0.1.jar:6.0.1]
	at org.junit.jupiter.engine.extension.TimeoutExtension.intercept(TimeoutExtension.java:163) ~[junit-jupiter-engine-6.0.1.jar:6.0.1]
	at org.junit.jupiter.engine.extension.TimeoutExtension.interceptTestableMethod(TimeoutExtension.java:148) ~[junit-jupiter-engine-6.0.1.jar:6.0.1]
	at org.junit.jupiter.engine.extension.TimeoutExtension.interceptTestMethod(TimeoutExtension.java:86) ~[junit-jupiter-engine-6.0.1.jar:6.0.1]
	at org.junit.jupiter.engine.execution.InterceptingExecutableInvoker$ReflectiveInterceptorCall.lambda$ofVoidMethod$0(InterceptingExecutableInvoker.java:123) ~[junit-jupiter-engine-6.0.1.jar:6.0.1]
	at org.junit.jupiter.engine.execution.InterceptingExecutableInvoker.lambda$invoke$0(InterceptingExecutableInvoker.java:105) ~[junit-jupiter-engine-6.0.1.jar:6.0.1]
	at org.junit.jupiter.engine.execution.InvocationInterceptorChain$InterceptedInvocation.proceed(InvocationInterceptorChain.java:99) ~[junit-jupiter-engine-6.0.1.jar:6.0.1]
	at org.junit.jupiter.engine.execution.InvocationInterceptorChain.proceed(InvocationInterceptorChain.java:66) ~[junit-jupiter-engine-6.0.1.jar:6.0.1]
	at org.junit.jupiter.engine.execution.InvocationInterceptorChain.chainAndInvoke(InvocationInterceptorChain.java:47) ~[junit-jupiter-engine-6.0.1.jar:6.0.1]
	at org.junit.jupiter.engine.execution.InvocationInterceptorChain.invoke(InvocationInterceptorChain.java:39) ~[junit-jupiter-engine-6.0.1.jar:6.0.1]
	at org.junit.jupiter.engine.execution.InterceptingExecutableInvoker.invoke(InterceptingExecutableInvoker.java:104) ~[junit-jupiter-engine-6.0.1.jar:6.0.1]
	at org.junit.jupiter.engine.execution.InterceptingExecutableInvoker.invoke(InterceptingExecutableInvoker.java:98) ~[junit-jupiter-engine-6.0.1.jar:6.0.1]
	at org.junit.jupiter.engine.execution.InterceptingExecutableInvoker.invokeVoid(InterceptingExecutableInvoker.java:71) ~[junit-jupiter-engine-6.0.1.jar:6.0.1]
	at org.junit.jupiter.engine.descriptor.TestMethodTestDescriptor.lambda$invokeTestMethod$0(TestMethodTestDescriptor.java:219) ~[junit-jupiter-engine-6.0.1.jar:6.0.1]
	at org.junit.platform.engine.support.hierarchical.ThrowableCollector.execute(ThrowableCollector.java:74) ~[junit-platform-engine-6.0.1.jar:6.0.1]
	at org.junit.jupiter.engine.descriptor.TestMethodTestDescriptor.invokeTestMethod(TestMethodTestDescriptor.java:215) ~[junit-jupiter-engine-6.0.1.jar:6.0.1]
	at org.junit.jupiter.engine.descriptor.TestMethodTestDescriptor.execute(TestMethodTestDescriptor.java:157) ~[junit-jupiter-engine-6.0.1.jar:6.0.1]
	at org.junit.jupiter.engine.descriptor.TestMethodTestDescriptor.execute(TestMethodTestDescriptor.java:70) ~[junit-jupiter-engine-6.0.1.jar:6.0.1]
	at org.junit.platform.engine.support.hierarchical.NodeTestTask.lambda$executeRecursively$2(NodeTestTask.java:176) ~[junit-platform-engine-6.0.1.jar:6.0.1]
	at org.junit.platform.engine.support.hierarchical.ThrowableCollector.execute(ThrowableCollector.java:74) ~[junit-platform-engine-6.0.1.jar:6.0.1]
	at org.junit.platform.engine.support.hierarchical.NodeTestTask.lambda$executeRecursively$1(NodeTestTask.java:166) ~[junit-platform-engine-6.0.1.jar:6.0.1]
	at org.junit.platform.engine.support.hierarchical.Node.around(Node.java:138) ~[junit-platform-engine-6.0.1.jar:6.0.1]
	at org.junit.platform.engine.support.hierarchical.NodeTestTask.lambda$executeRecursively$0(NodeTestTask.java:164) ~[junit-platform-engine-6.0.1.jar:6.0.1]
	at org.junit.platform.engine.support.hierarchical.ThrowableCollector.execute(ThrowableCollector.java:74) ~[junit-platform-engine-6.0.1.jar:6.0.1]
	at org.junit.platform.engine.support.hierarchical.NodeTestTask.executeRecursively(NodeTestTask.java:163) ~[junit-platform-engine-6.0.1.jar:6.0.1]
	at org.junit.platform.engine.support.hierarchical.NodeTestTask.execute(NodeTestTask.java:116) ~[junit-platform-engine-6.0.1.jar:6.0.1]
	at org.junit.platform.engine.support.hierarchical.ForkJoinPoolHierarchicalTestExecutorService$ExclusiveTask.exec(ForkJoinPoolHierarchicalTestExecutorService.java:253) ~[junit-platform-engine-6.0.1.jar:6.0.1]
	at org.junit.platform.engine.support.hierarchical.ForkJoinPoolHierarchicalTestExecutorService$ExclusiveTask.execSync(ForkJoinPoolHierarchicalTestExecutorService.java:226) ~[junit-platform-engine-6.0.1.jar:6.0.1]
	at org.junit.platform.engine.support.hierarchical.ForkJoinPoolHierarchicalTestExecutorService.executeSync(ForkJoinPoolHierarchicalTestExecutorService.java:168) ~[junit-platform-engine-6.0.1.jar:6.0.1]
	at org.junit.platform.engine.support.hierarchical.ForkJoinPoolHierarchicalTestExecutorService.invokeAll(ForkJoinPoolHierarchicalTestExecutorService.java:140) ~[junit-platform-engine-6.0.1.jar:6.0.1]
	at org.junit.platform.engine.support.hierarchical.NodeTestTask.lambda$executeRecursively$2(NodeTestTask.java:180) ~[junit-platform-engine-6.0.1.jar:6.0.1]
	at org.junit.platform.engine.support.hierarchical.ThrowableCollector.execute(ThrowableCollector.java:74) ~[junit-platform-engine-6.0.1.jar:6.0.1]
	at org.junit.platform.engine.support.hierarchical.NodeTestTask.lambda$executeRecursively$1(NodeTestTask.java:166) ~[junit-platform-engine-6.0.1.jar:6.0.1]
	at org.junit.platform.engine.support.hierarchical.Node.around(Node.java:138) ~[junit-platform-engine-6.0.1.jar:6.0.1]
	at org.junit.platform.engine.support.hierarchical.NodeTestTask.lambda$executeRecursively$0(NodeTestTask.java:164) ~[junit-platform-engine-6.0.1.jar:6.0.1]
	at org.junit.platform.engine.support.hierarchical.ThrowableCollector.execute(ThrowableCollector.java:74) ~[junit-platform-engine-6.0.1.jar:6.0.1]
	at org.junit.platform.engine.support.hierarchical.NodeTestTask.executeRecursively(NodeTestTask.java:163) ~[junit-platform-engine-6.0.1.jar:6.0.1]
	at org.junit.platform.engine.support.hierarchical.NodeTestTask.execute(NodeTestTask.java:116) ~[junit-platform-engine-6.0.1.jar:6.0.1]
	at org.junit.platform.engine.support.hierarchical.ForkJoinPoolHierarchicalTestExecutorService$ExclusiveTask.exec(ForkJoinPoolHierarchicalTestExecutorService.java:253) ~[junit-platform-engine-6.0.1.jar:6.0.1]
	at java.base/java.util.concurrent.ForkJoinTask.doExec(ForkJoinTask.java:511) ~[na:na]
	at java.base/java.util.concurrent.ForkJoinPool$WorkQueue.tryRemoveAndExec(ForkJoinPool.java:1490) ~[na:na]
	at java.base/java.util.concurrent.ForkJoinPool.helpJoin(ForkJoinPool.java:2248) ~[na:na]
	at java.base/java.util.concurrent.ForkJoinTask.awaitDone(ForkJoinTask.java:499) ~[na:na]
	at java.base/java.util.concurrent.ForkJoinTask.join(ForkJoinTask.java:669) ~[na:na]
	at org.junit.platform.engine.support.hierarchical.ForkJoinPoolHierarchicalTestExecutorService.joinConcurrentTasksInReverseOrderToEnableWorkStealing(ForkJoinPoolHierarchicalTestExecutorService.java:175) ~[junit-platform-engine-6.0.1.jar:6.0.1]
	at org.junit.platform.engine.support.hierarchical.ForkJoinPoolHierarchicalTestExecutorService.invokeAll(ForkJoinPoolHierarchicalTestExecutorService.java:141) ~[junit-platform-engine-6.0.1.jar:6.0.1]
	at org.junit.platform.engine.support.hierarchical.NodeTestTask.lambda$executeRecursively$2(NodeTestTask.java:180) ~[junit-platform-engine-6.0.1.jar:6.0.1]
	at org.junit.platform.engine.support.hierarchical.ThrowableCollector.execute(ThrowableCollector.java:74) ~[junit-platform-engine-6.0.1.jar:6.0.1]
	at org.junit.platform.engine.support.hierarchical.NodeTestTask.lambda$executeRecursively$1(NodeTestTask.java:166) ~[junit-platform-engine-6.0.1.jar:6.0.1]
	at org.junit.platform.engine.support.hierarchical.Node.around(Node.java:138) ~[junit-platform-engine-6.0.1.jar:6.0.1]
	at org.junit.platform.engine.support.hierarchical.NodeTestTask.lambda$executeRecursively$0(NodeTestTask.java:164) ~[junit-platform-engine-6.0.1.jar:6.0.1]
	at org.junit.platform.engine.support.hierarchical.ThrowableCollector.execute(ThrowableCollector.java:74) ~[junit-platform-engine-6.0.1.jar:6.0.1]
	at org.junit.platform.engine.support.hierarchical.NodeTestTask.executeRecursively(NodeTestTask.java:163) ~[junit-platform-engine-6.0.1.jar:6.0.1]
	at org.junit.platform.engine.support.hierarchical.NodeTestTask.execute(NodeTestTask.java:116) ~[junit-platform-engine-6.0.1.jar:6.0.1]
	at org.junit.platform.engine.support.hierarchical.ForkJoinPoolHierarchicalTestExecutorService$ExclusiveTask.exec(ForkJoinPoolHierarchicalTestExecutorService.java:253) ~[junit-platform-engine-6.0.1.jar:6.0.1]
	at java.base/java.util.concurrent.ForkJoinTask.doExec(ForkJoinTask.java:511) ~[na:na]
	at java.base/java.util.concurrent.ForkJoinPool$WorkQueue.topLevelExec(ForkJoinPool.java:1450) ~[na:na]
	at java.base/java.util.concurrent.ForkJoinPool.runWorker(ForkJoinPool.java:2019) ~[na:na]
	at java.base/java.util.concurrent.ForkJoinWorkerThread.run(ForkJoinWorkerThread.java:187) ~[na:na]
]]></system-out>
  <system-err><![CDATA[]]></system-err>
</testsuite>
