<?xml version="1.0" encoding="UTF-8"?>
<testsuite name="com.aquinofroilan.tessera.domain.sales.service.SalesReturnServiceTest" tests="5" skipped="0" failures="0" errors="0" timestamp="2026-09-01T23:45:10.565Z" hostname="runnervmgx7h7" time="2.152">
  <properties/>
  <testcase name="createSalesReturn creates RMA in REQUESTED status()" classname="com.aquinofroilan.tessera.domain.sales.service.SalesReturnServiceTest" time="1.973"/>
  <testcase name="completeSalesReturn issues credit note and sets COMPLETED()" classname="com.aquinofroilan.tessera.domain.sales.service.SalesReturnServiceTest" time="0.017"/>
  <testcase name="receiveSalesReturn restocks inventory when restockInventory is true()" classname="com.aquinofroilan.tessera.domain.sales.service.SalesReturnServiceTest" time="0.009"/>
  <testcase name="cancelSalesReturn throws exception when in RECEIVED status()" classname="com.aquinofroilan.tessera.domain.sales.service.SalesReturnServiceTest" time="0.001"/>
  <testcase name="approveSalesReturn transitions to APPROVED()" classname="com.aquinofroilan.tessera.domain.sales.service.SalesReturnServiceTest" time="0.125"/>
  <system-out><![CDATA[23:45:10.570 [ForkJoinPool-1-worker-2] DEBUG o.s.security.web.FilterChainProxy - Securing PATCH /api/v1/inventory/warehouses/22a14436-99e0-5e9d-9396-3a670fc505c0
23:45:10.570 [ForkJoinPool-1-worker-2] DEBUG o.s.security.web.FilterChainProxy - Secured PATCH /api/v1/inventory/warehouses/22a14436-99e0-5e9d-9396-3a670fc505c0
]]></system-out>
  <system-err><![CDATA[]]></system-err>
</testsuite>
