<?xml version="1.0" encoding="UTF-8"?>
<testsuite name="com.aquinofroilan.tessera.domain.auth.controller.AuthControllerTest" tests="28" skipped="0" failures="0" errors="0" timestamp="2026-09-01T23:43:50.579Z" hostname="runnervmgx7h7" time="80.718">
  <properties/>
  <testcase name="POST forgot-password should return 400 when email is blank()" classname="com.aquinofroilan.tessera.domain.auth.controller.AuthControllerTest" time="3.062"/>
  <testcase name="POST signup should return 400 when email format is invalid()" classname="com.aquinofroilan.tessera.domain.auth.controller.AuthControllerTest" time="0.112"/>
  <testcase name="POST refresh should return 200 with new tokens when refresh token is valid()" classname="com.aquinofroilan.tessera.domain.auth.controller.AuthControllerTest" time="4.306"/>
  <testcase name="POST signup should return 400 when email already exists()" classname="com.aquinofroilan.tessera.domain.auth.controller.AuthControllerTest" time="0.758"/>
  <testcase name="POST signup should return 400 when username is blank()" classname="com.aquinofroilan.tessera.domain.auth.controller.AuthControllerTest" time="0.039"/>
  <testcase name="POST logout should return 200 when no authorization header is provided()" classname="com.aquinofroilan.tessera.domain.auth.controller.AuthControllerTest" time="0.04"/>
  <testcase name="POST signin should return 401 when user account is inactive()" classname="com.aquinofroilan.tessera.domain.auth.controller.AuthControllerTest" time="4.884"/>
  <testcase name="POST logout should return 200 when authorization header has invalid format()" classname="com.aquinofroilan.tessera.domain.auth.controller.AuthControllerTest" time="0.056"/>
  <testcase name="GET organizations should return org list for authenticated user()" classname="com.aquinofroilan.tessera.domain.auth.controller.AuthControllerTest" time="0.137"/>
  <testcase name="POST refresh should return 400 when refresh token field is blank()" classname="com.aquinofroilan.tessera.domain.auth.controller.AuthControllerTest" time="0.01"/>
  <testcase name="POST signin should return 400 when username is blank()" classname="com.aquinofroilan.tessera.domain.auth.controller.AuthControllerTest" time="0.121"/>
  <testcase name="POST forgot-password should return 200 regardless of email existence()" classname="com.aquinofroilan.tessera.domain.auth.controller.AuthControllerTest" time="1.819"/>
  <testcase name="POST signin should return 400 when password is blank()" classname="com.aquinofroilan.tessera.domain.auth.controller.AuthControllerTest" time="0.042"/>
  <testcase name="POST signin should return 401 when credentials are invalid()" classname="com.aquinofroilan.tessera.domain.auth.controller.AuthControllerTest" time="0.058"/>
  <testcase name="POST organizations switch should return new token pair()" classname="com.aquinofroilan.tessera.domain.auth.controller.AuthControllerTest" time="1.978"/>
  <testcase name="POST organizations switch should return 400 for unauthorized org()" classname="com.aquinofroilan.tessera.domain.auth.controller.AuthControllerTest" time="0.059"/>
  <testcase name="POST signup should return 400 when password is too short()" classname="com.aquinofroilan.tessera.domain.auth.controller.AuthControllerTest" time="4.669"/>
  <testcase name="POST forgot-password should throttle repeated requests for same email()" classname="com.aquinofroilan.tessera.domain.auth.controller.AuthControllerTest" time="0.066"/>
  <testcase name="POST logout should return 200 when authorization header is empty()" classname="com.aquinofroilan.tessera.domain.auth.controller.AuthControllerTest" time="0.108"/>
  <testcase name="POST logout should invoke authService logout with valid token()" classname="com.aquinofroilan.tessera.domain.auth.controller.AuthControllerTest" time="0.021"/>
  <testcase name="POST signup should return 400 when username already exists()" classname="com.aquinofroilan.tessera.domain.auth.controller.AuthControllerTest" time="0.33"/>
  <testcase name="POST reset-password should return 200 with valid token()" classname="com.aquinofroilan.tessera.domain.auth.controller.AuthControllerTest" time="0.14"/>
  <testcase name="POST signin should return 200 with tokens when login is successful()" classname="com.aquinofroilan.tessera.domain.auth.controller.AuthControllerTest" time="0.122"/>
  <testcase name="POST logout should return 200 when token is valid()" classname="com.aquinofroilan.tessera.domain.auth.controller.AuthControllerTest" time="0.015"/>
  <testcase name="POST signup should return 201 when registration is successful()" classname="com.aquinofroilan.tessera.domain.auth.controller.AuthControllerTest" time="0.02"/>
  <testcase name="POST reset-password should return 400 with invalid token()" classname="com.aquinofroilan.tessera.domain.auth.controller.AuthControllerTest" time="0.117"/>
  <testcase name="POST refresh should return 401 when refresh token is invalid()" classname="com.aquinofroilan.tessera.domain.auth.controller.AuthControllerTest" time="0.164"/>
  <testcase name="POST reset-password should return 400 when password is too short()" classname="com.aquinofroilan.tessera.domain.auth.controller.AuthControllerTest" time="0.165"/>
  <system-out><![CDATA[23:44:54.232 [ForkJoinPool-1-worker-4] DEBUG o.s.security.web.FilterChainProxy - Securing GET /api/v1/auth/sessions
23:44:54.232 [ForkJoinPool-1-worker-4] DEBUG o.s.security.web.FilterChainProxy - Secured GET /api/v1/auth/sessions
23:44:54.239 [ForkJoinPool-1-worker-4] DEBUG o.s.s.a.m.AuthorizationManagerBeforeMethodInterceptor - Authorizing method invocation ReflectiveMethodInvocation: public org.springframework.http.ResponseEntity com.aquinofroilan.tessera.domain.auth.controller.SessionController.listSessions(java.lang.String); target is of class [com.aquinofroilan.tessera.domain.auth.controller.SessionController]
2026-09-01 23:44:55.006 [ForkJoinPool-1-worker-1] DEBUG o.s.s.a.m.AuthorizationManagerBeforeMethodInterceptor - Authorizing method invocation ReflectiveMethodInvocation: public java.lang.Object com.aquinofroilan.tessera.graphql.PurchaseRequestGraphqlController.approvePurchaseRequest(java.util.UUID); target is of class [com.aquinofroilan.tessera.graphql.PurchaseRequestGraphqlController]
2026-09-01 23:44:55.007 [ForkJoinPool-1-worker-2] DEBUG o.s.security.web.FilterChainProxy - Securing GET /api/v1/finance/accounts
2026-09-01 23:44:55.008 [ForkJoinPool-1-worker-2] DEBUG o.s.security.web.FilterChainProxy - Secured GET /api/v1/finance/accounts
2026-09-01 23:44:55.010 [ForkJoinPool-1-worker-4] DEBUG o.s.s.a.m.AuthorizationManagerBeforeMethodInterceptor - Authorizing method invocation ReflectiveMethodInvocation: public org.springframework.http.ResponseEntity com.aquinofroilan.tessera.domain.auth.controller.SessionController.revokeSession(java.lang.String,java.util.UUID); target is of class [com.aquinofroilan.tessera.domain.auth.controller.SessionController]
2026-09-01 23:44:55.010 [ForkJoinPool-1-worker-1] DEBUG o.s.s.a.m.AuthorizationManagerBeforeMethodInterceptor - Authorized method invocation ReflectiveMethodInvocation: public java.lang.Object com.aquinofroilan.tessera.graphql.PurchaseRequestGraphqlController.approvePurchaseRequest(java.util.UUID); target is of class [com.aquinofroilan.tessera.graphql.PurchaseRequestGraphqlController]
2026-09-01 23:44:55.009 [ForkJoinPool-1-worker-2] DEBUG o.s.s.a.m.AuthorizationManagerBeforeMethodInterceptor - Authorizing method invocation ReflectiveMethodInvocation: public org.springframework.http.ResponseEntity com.aquinofroilan.tessera.domain.finance.controller.AccountController.listAccounts(java.util.UUID,java.lang.String,java.util.UUID); target is of class [com.aquinofroilan.tessera.domain.finance.controller.AccountController]
2026-09-01 23:44:55.012 [ForkJoinPool-1-worker-2] DEBUG o.s.s.a.m.AuthorizationManagerBeforeMethodInterceptor - Authorized method invocation ReflectiveMethodInvocation: public org.springframework.http.ResponseEntity com.aquinofroilan.tessera.domain.finance.controller.AccountController.listAccounts(java.util.UUID,java.lang.String,java.util.UUID); target is of class [com.aquinofroilan.tessera.domain.finance.controller.AccountController]
2026-09-01 23:44:55.013 [ForkJoinPool-1-worker-4] DEBUG o.s.s.a.m.AuthorizationManagerBeforeMethodInterceptor - Authorized method invocation ReflectiveMethodInvocation: public org.springframework.http.ResponseEntity com.aquinofroilan.tessera.domain.auth.controller.SessionController.revokeSession(java.lang.String,java.util.UUID); target is of class [com.aquinofroilan.tessera.domain.auth.controller.SessionController]
2026-09-01 23:44:55.013 [ForkJoinPool-1-worker-2] INFO  c.a.t.d.f.c.AccountController - → Entering AccountController.listAccounts
2026-09-01 23:44:55.013 [ForkJoinPool-1-worker-2] INFO  c.a.t.d.f.c.AccountController - ← Exiting AccountController.listAccounts (0ms)
2026-09-01 23:44:55.007 [ForkJoinPool-1-worker-5] DEBUG o.s.security.web.FilterChainProxy - Securing POST /api/v1/crm/tickets/1/resolve
2026-09-01 23:44:55.014 [ForkJoinPool-1-worker-5] DEBUG o.s.security.web.FilterChainProxy - Secured POST /api/v1/crm/tickets/1/resolve
2026-09-01 23:44:55.016 [ForkJoinPool-1-worker-3] DEBUG o.s.security.web.FilterChainProxy - Securing POST /api/v1/auth/signup
2026-09-01 23:44:55.016 [ForkJoinPool-1-worker-3] DEBUG o.s.s.w.a.AnonymousAuthenticationFilter - Set SecurityContextHolder to anonymous SecurityContext
2026-09-01 23:44:55.016 [ForkJoinPool-1-worker-3] DEBUG o.s.security.web.FilterChainProxy - Secured POST /api/v1/auth/signup
2026-09-01 23:44:55.021 [ForkJoinPool-1-worker-3] WARN  o.s.w.s.m.s.DefaultHandlerExceptionResolver - Resolved [org.springframework.web.bind.MethodArgumentNotValidException: Validation failed for argument [0] in public org.springframework.http.ResponseEntity<java.lang.Object> com.aquinofroilan.tessera.domain.auth.controller.AuthController.register(com.aquinofroilan.tessera.domain.auth.dto.RegisterRequest) with 2 errors: [Field error in object 'registerRequest' on field 'username': rejected value []; codes [NotBlank.registerRequest.username,NotBlank.username,NotBlank.java.lang.String,NotBlank]; arguments [org.springframework.context.support.DefaultMessageSourceResolvable: codes [registerRequest.username,username]; arguments []; default message [username]]; default message [Username is required]] [Field error in object 'registerRequest' on field 'username': rejected value []; codes [Size.registerRequest.username,Size.username,Size.java.lang.String,Size]; arguments [org.springframework.context.support.DefaultMessageSourceResolvable: codes [registerRequest.username,username]; arguments []; default message [username],50,3]; default message [Username must be between 3 and 50 characters]] ]
2026-09-01 23:44:55.045 [ForkJoinPool-1-worker-4] DEBUG o.s.security.web.FilterChainProxy - Securing DELETE /api/v1/auth/sessions/00000000-0000-0000-0000-000000000000
2026-09-01 23:44:55.046 [ForkJoinPool-1-worker-4] DEBUG o.s.security.web.FilterChainProxy - Secured DELETE /api/v1/auth/sessions/00000000-0000-0000-0000-000000000000
2026-09-01 23:44:55.065 [ForkJoinPool-1-worker-3] DEBUG o.s.security.web.FilterChainProxy - Securing POST /api/v1/auth/logout
2026-09-01 23:44:55.065 [ForkJoinPool-1-worker-3] DEBUG o.s.s.w.a.AnonymousAuthenticationFilter - Set SecurityContextHolder to anonymous SecurityContext
2026-09-01 23:44:55.065 [ForkJoinPool-1-worker-3] DEBUG o.s.security.web.FilterChainProxy - Secured POST /api/v1/auth/logout
2026-09-01 23:44:55.098 [ForkJoinPool-1-worker-4] DEBUG o.s.s.a.m.AuthorizationManagerBeforeMethodInterceptor - Authorizing method invocation ReflectiveMethodInvocation: public org.springframework.http.ResponseEntity com.aquinofroilan.tessera.domain.auth.controller.SessionController.revokeOtherSessions(java.lang.String); target is of class [com.aquinofroilan.tessera.domain.auth.controller.SessionController]
2026-09-01 23:44:55.098 [ForkJoinPool-1-worker-4] DEBUG o.s.s.a.m.AuthorizationManagerBeforeMethodInterceptor - Authorized method invocation ReflectiveMethodInvocation: public org.springframework.http.ResponseEntity com.aquinofroilan.tessera.domain.auth.controller.SessionController.revokeOtherSessions(java.lang.String); target is of class [com.aquinofroilan.tessera.domain.auth.controller.SessionController]
2026-09-01 23:44:55.102 [ForkJoinPool-1-worker-2] DEBUG o.s.s.a.m.AuthorizationManagerBeforeMethodInterceptor - Authorizing method invocation ReflectiveMethodInvocation: public org.springframework.http.ResponseEntity com.aquinofroilan.tessera.domain.finance.controller.AccountController.updateAccount(java.util.UUID,java.util.UUID,com.aquinofroilan.tessera.domain.finance.dto.UpdateAccountRequest); target is of class [com.aquinofroilan.tessera.domain.finance.controller.AccountController]

  .   ____          _            __ _ _
 /\\ / ___'_ __ _ _(_)_ __  __ _ \ \ \ \
( ( )\___ | '_ | '_| | '_ \/ _` | \ \ \ \
 \\/  ___)| |_)| | | | | || (_| |  ) ) ) )
  '  |____| .__|_| |_|_| |_\__, | / / / /
 =========|_|==============|___/=/_/_/_/

 :: Spring Boot ::                (v4.0.1)

23:44:55.145 [ForkJoinPool-1-worker-5] INFO  c.a.t.config.EnvironmentInitializer - No .env file found in project root: /home/runner/work/tessera-kt/tessera-kt/.env
23:44:55.146 [ForkJoinPool-1-worker-5] INFO  c.a.t.d.f.c.JournalEntryControllerTest - Starting JournalEntryControllerTest using Java 26.0.2.1 with PID 3789 (started by runner in /home/runner/work/tessera-kt/tessera-kt)
23:44:55.149 [ForkJoinPool-1-worker-5] DEBUG c.a.t.d.f.c.JournalEntryControllerTest - Running with Spring Boot v4.0.1, Spring v7.0.2
23:44:55.150 [ForkJoinPool-1-worker-5] INFO  c.a.t.d.f.c.JournalEntryControllerTest - The following 1 profile is active: "test"
23:44:56.236 [ForkJoinPool-1-worker-5] DEBUG c.a.t.c.TokenAuthenticationFilter - Filter 'tokenAuthenticationFilter' configured for use
23:44:56.239 [ForkJoinPool-1-worker-5] INFO  o.s.b.t.m.w.SpringBootMockServletContext - Initializing Spring TestDispatcherServlet ''
23:44:56.239 [ForkJoinPool-1-worker-5] INFO  o.s.t.w.s.TestDispatcherServlet - Initializing Servlet ''
23:44:56.241 [ForkJoinPool-1-worker-5] INFO  o.s.t.w.s.TestDispatcherServlet - Completed initialization in 2 ms
23:44:56.274 [ForkJoinPool-1-worker-5] INFO  c.a.t.d.f.c.JournalEntryControllerTest - Started JournalEntryControllerTest in 1.167 seconds (process running for 70.831)
2026-09-01 23:45:00.076 [ForkJoinPool-1-worker-2] INFO  c.a.t.d.f.c.AccountController - ← Exiting AccountController.deleteAccount (1ms)
2026-09-01 23:45:00.078 [ForkJoinPool-1-worker-1] DEBUG o.s.s.a.m.AuthorizationManagerBeforeMethodInterceptor - Authorizing method invocation ReflectiveMethodInvocation: public java.lang.Object com.aquinofroilan.tessera.graphql.ProjectGraphqlController.activateProject(java.util.UUID); target is of class [com.aquinofroilan.tessera.graphql.ProjectGraphqlController]
2026-09-01 23:45:00.227 [ForkJoinPool-1-worker-1] DEBUG o.s.s.a.m.AuthorizationManagerBeforeMethodInterceptor - Authorized method invocation ReflectiveMethodInvocation: public java.lang.Object com.aquinofroilan.tessera.graphql.ProjectGraphqlController.projects(java.lang.String,java.util.UUID); target is of class [com.aquinofroilan.tessera.graphql.ProjectGraphqlController]
2026-09-01 23:45:00.227 [ForkJoinPool-1-worker-3] DEBUG o.s.security.web.FilterChainProxy - Securing POST /api/v1/auth/refresh
2026-09-01 23:45:00.227 [ForkJoinPool-1-worker-3] DEBUG o.s.s.w.a.AnonymousAuthenticationFilter - Set SecurityContextHolder to anonymous SecurityContext
2026-09-01 23:45:00.228 [ForkJoinPool-1-worker-3] DEBUG o.s.security.web.FilterChainProxy - Secured POST /api/v1/auth/refresh
2026-09-01 23:45:00.225 [ForkJoinPool-1-worker-2] DEBUG o.s.security.web.FilterChainProxy - Securing POST /api/v1/finance/accounts
2026-09-01 23:45:00.229 [ForkJoinPool-1-worker-2] DEBUG o.s.security.web.FilterChainProxy - Secured POST /api/v1/finance/accounts
2026-09-01 23:45:00.231 [ForkJoinPool-1-worker-3] WARN  o.s.w.s.m.s.DefaultHandlerExceptionResolver - Resolved [org.springframework.web.bind.MethodArgumentNotValidException: Validation failed for argument [0] in public org.springframework.http.ResponseEntity<java.lang.Object> com.aquinofroilan.tessera.domain.auth.controller.AuthController.refresh(com.aquinofroilan.tessera.domain.auth.dto.RefreshRequest): [Field error in object 'refreshRequest' on field 'refreshToken': rejected value []; codes [NotBlank.refreshRequest.refreshToken,NotBlank.refreshToken,NotBlank.java.lang.String,NotBlank]; arguments [org.springframework.context.support.DefaultMessageSourceResolvable: codes [refreshRequest.refreshToken,refreshToken]; arguments []; default message [refreshToken]]; default message [Refresh token is required]] ]
2026-09-01 23:45:00.226 [ForkJoinPool-1-worker-5] DEBUG o.s.security.web.FilterChainProxy - Securing GET /api/v1/finance/journal
2026-09-01 23:45:00.235 [ForkJoinPool-1-worker-5] DEBUG o.s.security.web.FilterChainProxy - Secured GET /api/v1/finance/journal
2026-09-01 23:45:00.238 [ForkJoinPool-1-worker-2] WARN  o.s.w.s.m.s.DefaultHandlerExceptionResolver - Resolved [org.springframework.web.bind.MethodArgumentNotValidException: Validation failed for argument [1] in public org.springframework.http.ResponseEntity<java.lang.Object> com.aquinofroilan.tessera.domain.finance.controller.AccountController.createAccount(java.util.UUID,com.aquinofroilan.tessera.domain.finance.dto.CreateAccountRequest): [Field error in object 'createAccountRequest' on field 'code': rejected value []; codes [NotBlank.createAccountRequest.code,NotBlank.code,NotBlank.java.lang.String,NotBlank]; arguments [org.springframework.context.support.DefaultMessageSourceResolvable: codes [createAccountRequest.code,code]; arguments []; default message [code]]; default message [Account code is required]] ]
2026-09-01 23:45:00.358 [ForkJoinPool-1-worker-1] INFO  o.s.b.t.c.SpringBootTestContextBootstrapper - Found @SpringBootConfiguration com.aquinofroilan.tessera.TesseraApplication for test class com.aquinofroilan.tessera.graphql.ProjectBillingGraphqlControllerTest
2026-09-01 23:45:00.361 [ForkJoinPool-1-worker-2] DEBUG o.s.security.web.FilterChainProxy - Securing GET /api/v1/finance/accounts/00000000-0000-0000-0000-000000000000
2026-09-01 23:45:00.362 [ForkJoinPool-1-worker-2] DEBUG o.s.security.web.FilterChainProxy - Secured GET /api/v1/finance/accounts/00000000-0000-0000-0000-000000000000
2026-09-01 23:45:00.363 [ForkJoinPool-1-worker-2] DEBUG o.s.s.a.m.AuthorizationManagerBeforeMethodInterceptor - Authorizing method invocation ReflectiveMethodInvocation: public org.springframework.http.ResponseEntity com.aquinofroilan.tessera.domain.finance.controller.AccountController.getAccount(java.util.UUID,java.util.UUID); target is of class [com.aquinofroilan.tessera.domain.finance.controller.AccountController]
2026-09-01 23:45:03.086 [ForkJoinPool-1-worker-2] INFO  c.a.t.d.f.c.AccountController - → Entering AccountController.getAccount
2026-09-01 23:45:03.088 [ForkJoinPool-1-worker-2] INFO  c.a.t.d.f.c.AccountController - ← Exiting AccountController.getAccount (0ms)
2026-09-01 23:45:03.092 [ForkJoinPool-1-worker-4] WARN  o.s.w.s.m.s.DefaultHandlerExceptionResolver - Resolved [org.springframework.http.converter.HttpMessageNotReadableException: JSON parse error: Unrecognized token 'java': was expecting (JSON String, Number, Array, Object or token 'null', 'true' or 'false')]
2026-09-01 23:45:03.094 [ForkJoinPool-1-worker-1] ERROR o.s.g.e.ExceptionResolversExceptionHandler - Unresolved AuthorizationDeniedException for executionId a2714867-9b0b-85fd-b84a-ee321ba8579f
2026-09-01 23:45:03.133 [ForkJoinPool-1-worker-2] INFO  c.a.t.d.f.c.AccountController - → Entering AccountController.deleteAccount
2026-09-01 23:45:03.133 [ForkJoinPool-1-worker-2] ERROR c.a.t.d.f.c.AccountController - ✗ Exception in AccountController.deleteAccount: BusinessRuleException - System accounts cannot be deleted
2026-09-01 23:45:03.192 [ForkJoinPool-1-worker-4] INFO  c.a.t.d.i.c.InventoryReorderRuleController - → Entering InventoryReorderRuleController.createRule
2026-09-01 23:45:03.193 [ForkJoinPool-1-worker-4] INFO  c.a.t.d.i.c.InventoryReorderRuleController - ← Exiting InventoryReorderRuleController.createRule (1ms)
2026-09-01 23:45:03.198 [ForkJoinPool-1-worker-1] INFO  o.s.b.t.c.SpringBootTestContextBootstrapper - Found @SpringBootConfiguration com.aquinofroilan.tessera.TesseraApplication for test class com.aquinofroilan.tessera.graphql.InventoryGraphqlControllerTest
2026-09-01 23:45:05.178 [ForkJoinPool-1-worker-5] DEBUG o.s.security.web.FilterChainProxy - Securing POST /api/v1/finance/journal
2026-09-01 23:45:05.178 [ForkJoinPool-1-worker-5] DEBUG o.s.security.web.FilterChainProxy - Secured POST /api/v1/finance/journal
2026-09-01 23:45:05.194 [ForkJoinPool-1-worker-4] DEBUG o.s.security.web.FilterChainProxy - Securing DELETE /api/v1/inventory/reorder-rules/42a14436-99e0-5e9d-9396-3a670fc505c0
2026-09-01 23:45:05.194 [ForkJoinPool-1-worker-4] DEBUG o.s.security.web.FilterChainProxy - Secured DELETE /api/v1/inventory/reorder-rules/42a14436-99e0-5e9d-9396-3a670fc505c0
2026-09-01 23:45:05.196 [ForkJoinPool-1-worker-4] DEBUG o.s.s.a.m.AuthorizationManagerBeforeMethodInterceptor - Authorizing method invocation ReflectiveMethodInvocation: public org.springframework.http.ResponseEntity com.aquinofroilan.tessera.domain.inventory.controller.InventoryReorderRuleController.deleteRule(java.util.UUID,java.util.UUID); target is of class [com.aquinofroilan.tessera.domain.inventory.controller.InventoryReorderRuleController]
2026-09-01 23:45:05.196 [ForkJoinPool-1-worker-1] DEBUG o.s.s.a.m.AuthorizationManagerBeforeMethodInterceptor - Authorized method invocation ReflectiveMethodInvocation: public java.lang.Object com.aquinofroilan.tessera.graphql.InventoryGraphqlController.products(java.lang.String,java.lang.Boolean,java.lang.String); target is of class [com.aquinofroilan.tessera.graphql.InventoryGraphqlController]
2026-09-01 23:45:05.200 [ForkJoinPool-1-worker-3] DEBUG o.s.security.web.FilterChainProxy - Securing POST /api/v1/auth/organizations/switch
2026-09-01 23:45:05.200 [ForkJoinPool-1-worker-3] DEBUG o.s.security.web.FilterChainProxy - Secured POST /api/v1/auth/organizations/switch
2026-09-01 23:45:05.201 [ForkJoinPool-1-worker-3] INFO  c.a.t.d.a.controller.AuthController - → Entering AuthController.switchOrganization
2026-09-01 23:45:05.251 [ForkJoinPool-1-worker-5] DEBUG o.s.security.web.FilterChainProxy - Secured POST /api/v1/finance/journal/00000000-0000-0000-0000-000000000199/post
2026-09-01 23:45:05.252 [ForkJoinPool-1-worker-5] DEBUG o.s.s.a.m.AuthorizationManagerBeforeMethodInterceptor - Authorizing method invocation ReflectiveMethodInvocation: public org.springframework.http.ResponseEntity com.aquinofroilan.tessera.domain.finance.controller.JournalEntryController.postJournalEntry(java.util.UUID,java.util.UUID); target is of class [com.aquinofroilan.tessera.domain.finance.controller.JournalEntryController]
2026-09-01 23:45:05.270 [ForkJoinPool-1-worker-3] DEBUG o.s.security.web.FilterChainProxy - Securing POST /api/v1/auth/signup
2026-09-01 23:45:05.270 [ForkJoinPool-1-worker-3] DEBUG o.s.s.w.a.AnonymousAuthenticationFilter - Set SecurityContextHolder to anonymous SecurityContext
2026-09-01 23:45:05.271 [ForkJoinPool-1-worker-3] DEBUG o.s.security.web.FilterChainProxy - Secured POST /api/v1/auth/signup
2026-09-01 23:45:05.274 [ForkJoinPool-1-worker-1] INFO  o.s.t.c.s.AnnotationConfigContextLoaderUtils - Could not detect default configuration classes for test class [com.aquinofroilan.tessera.graphql.CustomerGraphqlControllerTest]: CustomerGraphqlControllerTest does not declare any static, non-private, non-final, nested classes annotated with @Configuration.
2026-09-01 23:45:05.275 [ForkJoinPool-1-worker-4] INFO  o.s.b.t.c.SpringBootTestContextBootstrapper - Found @SpringBootConfiguration com.aquinofroilan.tessera.TesseraApplication for test class com.aquinofroilan.tessera.domain.inventory.controller.ProductControllerTest
2026-09-01 23:45:05.282 [ForkJoinPool-1-worker-2] INFO  o.s.b.t.c.SpringBootTestContextBootstrapper - Found @SpringBootConfiguration com.aquinofroilan.tessera.TesseraApplication for test class com.aquinofroilan.tessera.domain.inventory.controller.WarehouseControllerTest
23:45:09.933 [ForkJoinPool-1-worker-5] DEBUG o.s.security.web.FilterChainProxy - Securing GET /api/v1/finance/journal/trial-balance
23:45:09.940 [ForkJoinPool-1-worker-5] DEBUG o.s.security.web.FilterChainProxy - Secured GET /api/v1/finance/journal/trial-balance
23:45:09.945 [ForkJoinPool-1-worker-2] DEBUG o.s.security.web.FilterChainProxy - Securing DELETE /api/v1/inventory/warehouses/22a14436-99e0-5e9d-9396-3a670fc505c0
23:45:09.945 [ForkJoinPool-1-worker-2] DEBUG o.s.security.web.FilterChainProxy - Secured DELETE /api/v1/inventory/warehouses/22a14436-99e0-5e9d-9396-3a670fc505c0
23:45:09.957 [ForkJoinPool-1-worker-4] DEBUG o.s.security.web.FilterChainProxy - Securing POST /api/v1/inventory/products
23:45:09.959 [ForkJoinPool-1-worker-4] DEBUG o.s.security.web.FilterChainProxy - Secured POST /api/v1/inventory/products
23:45:09.963 [ForkJoinPool-1-worker-5] DEBUG o.s.s.a.m.AuthorizationManagerBeforeMethodInterceptor - Authorizing method invocation ReflectiveMethodInvocation: public org.springframework.http.ResponseEntity com.aquinofroilan.tessera.domain.finance.controller.JournalEntryController.getTrialBalance(java.util.UUID,java.time.LocalDate); target is of class [com.aquinofroilan.tessera.domain.finance.controller.JournalEntryController]
23:45:09.964 [ForkJoinPool-1-worker-3] DEBUG o.s.security.web.FilterChainProxy - Securing POST /api/v1/auth/forgot-password
23:45:09.964 [ForkJoinPool-1-worker-5] DEBUG o.s.s.a.m.AuthorizationManagerBeforeMethodInterceptor - Authorized method invocation ReflectiveMethodInvocation: public org.springframework.http.ResponseEntity com.aquinofroilan.tessera.domain.finance.controller.JournalEntryController.getTrialBalance(java.util.UUID,java.time.LocalDate); target is of class [com.aquinofroilan.tessera.domain.finance.controller.JournalEntryController]
23:45:09.965 [ForkJoinPool-1-worker-5] INFO  c.a.t.d.f.c.JournalEntryController - → Entering JournalEntryController.getTrialBalance
23:45:09.972 [ForkJoinPool-1-worker-5] INFO  c.a.t.d.f.c.JournalEntryController - ← Exiting JournalEntryController.getTrialBalance (7ms)
23:45:09.975 [ForkJoinPool-1-worker-2] DEBUG o.s.s.a.m.AuthorizationManagerBeforeMethodInterceptor - Authorizing method invocation ReflectiveMethodInvocation: public org.springframework.http.ResponseEntity com.aquinofroilan.tessera.domain.inventory.controller.WarehouseController.deleteWarehouse(java.util.UUID,java.util.UUID); target is of class [com.aquinofroilan.tessera.domain.inventory.controller.WarehouseController]
23:45:09.980 [ForkJoinPool-1-worker-2] DEBUG o.s.s.a.m.AuthorizationManagerBeforeMethodInterceptor - Authorized method invocation ReflectiveMethodInvocation: public org.springframework.http.ResponseEntity com.aquinofroilan.tessera.domain.inventory.controller.WarehouseController.deleteWarehouse(java.util.UUID,java.util.UUID); target is of class [com.aquinofroilan.tessera.domain.inventory.controller.WarehouseController]
23:45:09.981 [ForkJoinPool-1-worker-2] INFO  c.a.t.d.i.c.WarehouseController - → Entering WarehouseController.deleteWarehouse
23:45:09.976 [ForkJoinPool-1-worker-3] DEBUG o.s.s.w.a.AnonymousAuthenticationFilter - Set SecurityContextHolder to anonymous SecurityContext
23:45:09.981 [ForkJoinPool-1-worker-3] DEBUG o.s.security.web.FilterChainProxy - Secured POST /api/v1/auth/forgot-password
23:45:09.985 [ForkJoinPool-1-worker-2] INFO  c.a.t.d.i.c.WarehouseController - ← Exiting WarehouseController.deleteWarehouse (1ms)
23:45:10.001 [ForkJoinPool-1-worker-3] INFO  c.a.t.d.a.controller.AuthController - → Entering AuthController.forgotPassword
23:45:10.002 [ForkJoinPool-1-worker-3] INFO  c.a.t.d.a.controller.AuthController - ← Exiting AuthController.forgotPassword (1ms)
23:45:10.003 [ForkJoinPool-1-worker-3] DEBUG o.s.security.web.FilterChainProxy - Securing POST /api/v1/auth/forgot-password
23:45:10.004 [ForkJoinPool-1-worker-3] DEBUG o.s.s.w.a.AnonymousAuthenticationFilter - Set SecurityContextHolder to anonymous SecurityContext
23:45:10.004 [ForkJoinPool-1-worker-3] DEBUG o.s.security.web.FilterChainProxy - Secured POST /api/v1/auth/forgot-password
23:45:10.028 [ForkJoinPool-1-worker-4] DEBUG o.s.s.a.m.AuthorizationManagerBeforeMethodInterceptor - Authorizing method invocation ReflectiveMethodInvocation: public org.springframework.http.ResponseEntity com.aquinofroilan.tessera.domain.inventory.controller.ProductController.createProduct(java.util.UUID,com.aquinofroilan.tessera.domain.inventory.dto.CreateProductRequest); target is of class [com.aquinofroilan.tessera.domain.inventory.controller.ProductController]
23:45:10.029 [ForkJoinPool-1-worker-4] DEBUG o.s.s.a.m.AuthorizationManagerBeforeMethodInterceptor - Authorized method invocation ReflectiveMethodInvocation: public org.springframework.http.ResponseEntity com.aquinofroilan.tessera.domain.inventory.controller.ProductController.createProduct(java.util.UUID,com.aquinofroilan.tessera.domain.inventory.dto.CreateProductRequest); target is of class [com.aquinofroilan.tessera.domain.inventory.controller.ProductController]
23:45:10.029 [ForkJoinPool-1-worker-4] INFO  c.a.t.d.i.c.ProductController - → Entering ProductController.createProduct
23:45:10.029 [ForkJoinPool-1-worker-4] INFO  c.a.t.d.i.c.ProductController - ← Exiting ProductController.createProduct (0ms)
23:45:10.032 [ForkJoinPool-1-worker-2] DEBUG o.s.security.web.FilterChainProxy - Securing GET /api/v1/inventory/warehouses
23:45:10.127 [ForkJoinPool-1-worker-2] DEBUG o.s.security.web.FilterChainProxy - Secured GET /api/v1/inventory/warehouses
23:45:10.034 [ForkJoinPool-1-worker-1] DEBUG o.s.s.a.m.AuthorizationManagerBeforeMethodInterceptor - Authorizing method invocation ReflectiveMethodInvocation: public com.aquinofroilan.tessera.graphql.CustomerGraphql com.aquinofroilan.tessera.graphql.CustomerGraphqlController.createCustomer(com.aquinofroilan.tessera.graphql.CreateCustomerInput); target is of class [com.aquinofroilan.tessera.graphql.CustomerGraphqlController]
23:45:10.130 [ForkJoinPool-1-worker-1] DEBUG o.s.s.a.m.AuthorizationManagerBeforeMethodInterceptor - Authorized method invocation ReflectiveMethodInvocation: public com.aquinofroilan.tessera.graphql.CustomerGraphql com.aquinofroilan.tessera.graphql.CustomerGraphqlController.createCustomer(com.aquinofroilan.tessera.graphql.CreateCustomerInput); target is of class [com.aquinofroilan.tessera.graphql.CustomerGraphqlController]
23:45:10.125 [ForkJoinPool-1-worker-3] DEBUG o.s.security.web.FilterChainProxy - Securing POST /api/v1/auth/logout
23:45:10.134 [ForkJoinPool-1-worker-3] DEBUG o.s.s.w.a.AnonymousAuthenticationFilter - Set SecurityContextHolder to anonymous SecurityContext
23:45:10.134 [ForkJoinPool-1-worker-3] DEBUG o.s.security.web.FilterChainProxy - Secured POST /api/v1/auth/logout
23:45:10.135 [ForkJoinPool-1-worker-3] INFO  c.a.t.d.a.controller.AuthController - → Entering AuthController.logout
23:45:10.135 [ForkJoinPool-1-worker-3] INFO  c.a.t.d.a.controller.AuthController - ← Exiting AuthController.logout (0ms)
23:45:10.142 [ForkJoinPool-1-worker-2] DEBUG o.s.s.a.m.AuthorizationManagerBeforeMethodInterceptor - Authorizing method invocation ReflectiveMethodInvocation: public org.springframework.http.ResponseEntity com.aquinofroilan.tessera.domain.inventory.controller.WarehouseController.listWarehouses(java.util.UUID,boolean,java.lang.String); target is of class [com.aquinofroilan.tessera.domain.inventory.controller.WarehouseController]
23:45:10.143 [ForkJoinPool-1-worker-2] DEBUG o.s.s.a.m.AuthorizationManagerBeforeMethodInterceptor - Failed to authorize ReflectiveMethodInvocation: public org.springframework.http.ResponseEntity com.aquinofroilan.tessera.domain.inventory.controller.WarehouseController.listWarehouses(java.util.UUID,boolean,java.lang.String); target is of class [com.aquinofroilan.tessera.domain.inventory.controller.WarehouseController] with authorization manager org.springframework.security.authorization.method.PreAuthorizeAuthorizationManager@48b5284 and result ExpressionAuthorizationDecision [granted=false, expressionAttribute=hasAuthority('inventory:read')]
23:45:10.143 [ForkJoinPool-1-worker-2] DEBUG o.s.s.w.a.AccessDeniedHandlerImpl - Responding with 403 status code
23:45:10.196 [ForkJoinPool-1-worker-4] DEBUG o.s.s.a.m.AuthorizationManagerBeforeMethodInterceptor - Authorizing method invocation ReflectiveMethodInvocation: public org.springframework.http.ResponseEntity com.aquinofroilan.tessera.domain.inventory.controller.ProductController.updateProduct(java.util.UUID,java.util.UUID,com.aquinofroilan.tessera.domain.inventory.dto.UpdateProductRequest); target is of class [com.aquinofroilan.tessera.domain.inventory.controller.ProductController]
23:45:10.198 [ForkJoinPool-1-worker-4] DEBUG o.s.s.a.m.AuthorizationManagerBeforeMethodInterceptor - Authorized method invocation ReflectiveMethodInvocation: public org.springframework.http.ResponseEntity com.aquinofroilan.tessera.domain.inventory.controller.ProductController.updateProduct(java.util.UUID,java.util.UUID,com.aquinofroilan.tessera.domain.inventory.dto.UpdateProductRequest); target is of class [com.aquinofroilan.tessera.domain.inventory.controller.ProductController]
23:45:10.307 [ForkJoinPool-1-worker-3] DEBUG o.s.security.web.FilterChainProxy - Securing POST /api/v1/auth/signup
23:45:10.526 [ForkJoinPool-1-worker-2] DEBUG o.s.security.web.FilterChainProxy - Securing POST /api/v1/inventory/warehouses
23:45:10.526 [ForkJoinPool-1-worker-2] DEBUG o.s.security.web.FilterChainProxy - Secured POST /api/v1/inventory/warehouses
23:45:10.532 [ForkJoinPool-1-worker-4] DEBUG o.s.s.a.m.AuthorizationManagerBeforeMethodInterceptor - Authorizing method invocation ReflectiveMethodInvocation: public org.springframework.http.ResponseEntity com.aquinofroilan.tessera.domain.inventory.controller.ProductController.listProducts(java.util.UUID,java.lang.String,boolean,java.lang.String); target is of class [com.aquinofroilan.tessera.domain.inventory.controller.ProductController]
23:45:10.533 [ForkJoinPool-1-worker-2] DEBUG o.s.s.a.m.AuthorizationManagerBeforeMethodInterceptor - Authorizing method invocation ReflectiveMethodInvocation: public org.springframework.http.ResponseEntity com.aquinofroilan.tessera.domain.inventory.controller.WarehouseController.createWarehouse(java.util.UUID,com.aquinofroilan.tessera.domain.inventory.dto.CreateWarehouseRequest); target is of class [com.aquinofroilan.tessera.domain.inventory.controller.WarehouseController]
23:45:10.534 [ForkJoinPool-1-worker-4] DEBUG o.s.s.a.m.AuthorizationManagerBeforeMethodInterceptor - Authorized method invocation ReflectiveMethodInvocation: public org.springframework.http.ResponseEntity com.aquinofroilan.tessera.domain.inventory.controller.ProductController.listProducts(java.util.UUID,java.lang.String,boolean,java.lang.String); target is of class [com.aquinofroilan.tessera.domain.inventory.controller.ProductController]
23:45:10.534 [ForkJoinPool-1-worker-4] INFO  c.a.t.d.i.c.ProductController - → Entering ProductController.listProducts
23:45:10.535 [ForkJoinPool-1-worker-4] INFO  c.a.t.d.i.c.ProductController - ← Exiting ProductController.listProducts (0ms)
23:45:10.811 [ForkJoinPool-1-worker-2] DEBUG o.s.security.web.FilterChainProxy - Secured GET /api/v1/inventory/warehouses
23:45:10.812 [ForkJoinPool-1-worker-2] DEBUG o.s.s.a.m.AuthorizationManagerBeforeMethodInterceptor - Authorizing method invocation ReflectiveMethodInvocation: public org.springframework.http.ResponseEntity com.aquinofroilan.tessera.domain.inventory.controller.WarehouseController.listWarehouses(java.util.UUID,boolean,java.lang.String); target is of class [com.aquinofroilan.tessera.domain.inventory.controller.WarehouseController]
23:45:10.812 [ForkJoinPool-1-worker-2] DEBUG o.s.s.a.m.AuthorizationManagerBeforeMethodInterceptor - Authorized method invocation ReflectiveMethodInvocation: public org.springframework.http.ResponseEntity com.aquinofroilan.tessera.domain.inventory.controller.WarehouseController.listWarehouses(java.util.UUID,boolean,java.lang.String); target is of class [com.aquinofroilan.tessera.domain.inventory.controller.WarehouseController]
23:45:10.812 [ForkJoinPool-1-worker-2] INFO  c.a.t.d.i.c.WarehouseController - → Entering WarehouseController.listWarehouses
23:45:10.813 [ForkJoinPool-1-worker-2] INFO  c.a.t.d.i.c.WarehouseController - ← Exiting WarehouseController.listWarehouses (0ms)
23:45:10.954 [ForkJoinPool-1-worker-4] DEBUG o.s.s.a.m.AuthorizationManagerBeforeMethodInterceptor - Authorizing method invocation ReflectiveMethodInvocation: public org.springframework.http.ResponseEntity com.aquinofroilan.tessera.domain.inventory.controller.ProductController.createProduct(java.util.UUID,com.aquinofroilan.tessera.domain.inventory.dto.CreateProductRequest); target is of class [com.aquinofroilan.tessera.domain.inventory.controller.ProductController]
23:45:10.955 [ForkJoinPool-1-worker-4] DEBUG o.s.s.a.m.AuthorizationManagerBeforeMethodInterceptor - Failed to authorize ReflectiveMethodInvocation: public org.springframework.http.ResponseEntity com.aquinofroilan.tessera.domain.inventory.controller.ProductController.createProduct(java.util.UUID,com.aquinofroilan.tessera.domain.inventory.dto.CreateProductRequest); target is of class [com.aquinofroilan.tessera.domain.inventory.controller.ProductController] with authorization manager org.springframework.security.authorization.method.PreAuthorizeAuthorizationManager@618bd3a and result ExpressionAuthorizationDecision [granted=false, expressionAttribute=hasAuthority('inventory:write')]
23:45:10.964 [ForkJoinPool-1-worker-4] DEBUG o.s.s.w.a.AccessDeniedHandlerImpl - Responding with 403 status code
]]></system-out>
  <system-err><![CDATA[]]></system-err>
</testsuite>
